[    0.000000] Linux version 4.15.0-128-generic (buildd@lcy01-amd64-025) (gcc version 7.5.0 (Ubuntu 7.5.0-3ubuntu1~18.04)) #131-Ubuntu SMP Wed Dec 9 06:57:35 UTC 2020 (Ubuntu 4.15.0-128.131-generic 4.15.18)
[    0.000000] Command line: BOOT_IMAGE=/boot/vmlinuz-4.15.0-128-generic root=UUID=e01e0f19-d458-4161-8fcc-cddc319ae429 ro console=tty1 console=ttyS0
[    0.000000] KERNEL supported cpus:
[    0.000000]   Intel GenuineIntel
[    0.000000]   AMD AuthenticAMD
[    0.000000]   Centaur CentaurHauls
[    0.000000] [Firmware Bug]: TSC doesn't count with P0 frequency!
[    0.000000] x86/fpu: Supporting XSAVE feature 0x001: 'x87 floating point registers'
[    0.000000] x86/fpu: Supporting XSAVE feature 0x002: 'SSE registers'
[    0.000000] x86/fpu: Supporting XSAVE feature 0x004: 'AVX registers'
[    0.000000] x86/fpu: xstate_offset[2]:  576, xstate_sizes[2]:  256
[    0.000000] x86/fpu: Enabled xstate features 0x7, context size is 832 bytes, using 'standard' format.
[    0.000000] e820: BIOS-provided physical RAM map:
[    0.000000] BIOS-e820: [mem 0x0000000000000000-0x000000000009fbff] usable
[    0.000000] BIOS-e820: [mem 0x000000000009fc00-0x000000000009ffff] reserved
[    0.000000] BIOS-e820: [mem 0x00000000000f0000-0x00000000000fffff] reserved
[    0.000000] BIOS-e820: [mem 0x0000000000100000-0x000000003ffeffff] usable
[    0.000000] BIOS-e820: [mem 0x000000003fff0000-0x000000003fffffff] ACPI data
[    0.000000] BIOS-e820: [mem 0x00000000fec00000-0x00000000fec00fff] reserved
[    0.000000] BIOS-e820: [mem 0x00000000fee00000-0x00000000fee00fff] reserved
[    0.000000] BIOS-e820: [mem 0x00000000fffc0000-0x00000000ffffffff] reserved
[    0.000000] NX (Execute Disable) protection: active
[    0.000000] SMBIOS 2.5 present.
[    0.000000] DMI: innotek GmbH VirtualBox/VirtualBox, BIOS VirtualBox 12/01/2006
[    0.000000] Hypervisor detected: KVM
[    0.000000] e820: last_pfn = 0x3fff0 max_arch_pfn = 0x400000000
[    0.000000] MTRR: Disabled
[    0.000000] x86/PAT: MTRRs disabled, skipping PAT initialization too.
[    0.000000] CPU MTRRs all blank - virtualized system.
[    0.000000] x86/PAT: Configuration [0-7]: WB  WT  UC- UC  WB  WT  UC- UC  
[    0.000000] found SMP MP-table at [mem 0x0009fff0-0x0009ffff]
[    0.000000] Scanning 1 areas for low memory corruption
[    0.000000] RAMDISK: [mem 0x3595b000-0x36ca4fff]
[    0.000000] ACPI: Early table checksum verification disabled
[    0.000000] ACPI: RSDP 0x00000000000E0000 000024 (v02 VBOX  )
[    0.000000] ACPI: XSDT 0x000000003FFF0030 00003C (v01 VBOX   VBOXXSDT 00000001 ASL  00000061)
[    0.000000] ACPI: FACP 0x000000003FFF00F0 0000F4 (v04 VBOX   VBOXFACP 00000001 ASL  00000061)
[    0.000000] ACPI: DSDT 0x000000003FFF0470 002325 (v02 VBOX   VBOXBIOS 00000002 INTL 20100528)
[    0.000000] ACPI: FACS 0x000000003FFF0200 000040
[    0.000000] ACPI: FACS 0x000000003FFF0200 000040
[    0.000000] ACPI: APIC 0x000000003FFF0240 00005C (v02 VBOX   VBOXAPIC 00000001 ASL  00000061)
[    0.000000] ACPI: SSDT 0x000000003FFF02A0 0001CC (v01 VBOX   VBOXCPUT 00000002 INTL 20100528)
[    0.000000] No NUMA configuration found
[    0.000000] Faking a node at [mem 0x0000000000000000-0x000000003ffeffff]
[    0.000000] NODE_DATA(0) allocated [mem 0x3ffc5000-0x3ffeffff]
[    0.000000] kvm-clock: cpu 0, msr 0:3ff44001, primary cpu clock
[    0.000000] kvm-clock: Using msrs 4b564d01 and 4b564d00
[    0.000000] kvm-clock: using sched offset of 3471077131 cycles
[    0.000000] clocksource: kvm-clock: mask: 0xffffffffffffffff max_cycles: 0x1cd42e4dffb, max_idle_ns: 881590591483 ns
[    0.000000] Zone ranges:
[    0.000000]   DMA      [mem 0x0000000000001000-0x0000000000ffffff]
[    0.000000]   DMA32    [mem 0x0000000001000000-0x000000003ffeffff]
[    0.000000]   Normal   empty
[    0.000000]   Device   empty
[    0.000000] Movable zone start for each node
[    0.000000] Early memory node ranges
[    0.000000]   node   0: [mem 0x0000000000001000-0x000000000009efff]
[    0.000000]   node   0: [mem 0x0000000000100000-0x000000003ffeffff]
[    0.000000] Reserved but unavailable: 98 pages
[    0.000000] Initmem setup node 0 [mem 0x0000000000001000-0x000000003ffeffff]
[    0.000000] ACPI: PM-Timer IO Port: 0x4008
[    0.000000] IOAPIC[0]: apic_id 2, version 32, address 0xfec00000, GSI 0-23
[    0.000000] ACPI: INT_SRC_OVR (bus 0 bus_irq 0 global_irq 2 dfl dfl)
[    0.000000] ACPI: INT_SRC_OVR (bus 0 bus_irq 9 global_irq 9 low level)
[    0.000000] Using ACPI (MADT) for SMP configuration information
[    0.000000] smpboot: Allowing 2 CPUs, 0 hotplug CPUs
[    0.000000] PM: Registered nosave memory: [mem 0x00000000-0x00000fff]
[    0.000000] PM: Registered nosave memory: [mem 0x0009f000-0x0009ffff]
[    0.000000] PM: Registered nosave memory: [mem 0x000a0000-0x000effff]
[    0.000000] PM: Registered nosave memory: [mem 0x000f0000-0x000fffff]
[    0.000000] e820: [mem 0x40000000-0xfebfffff] available for PCI devices
[    0.000000] Booting paravirtualized kernel on KVM
[    0.000000] clocksource: refined-jiffies: mask: 0xffffffff max_cycles: 0xffffffff, max_idle_ns: 7645519600211568 ns
[    0.000000] random: get_random_bytes called from start_kernel+0x99/0x500 with crng_init=0
[    0.000000] setup_percpu: NR_CPUS:8192 nr_cpumask_bits:2 nr_cpu_ids:2 nr_node_ids:1
[    0.000000] percpu: Embedded 45 pages/cpu s147456 r8192 d28672 u1048576
[    0.000000] PV qspinlock hash table entries: 256 (order: 0, 4096 bytes)
[    0.000000] Built 1 zonelists, mobility grouping on.  Total pages: 257913
[    0.000000] Policy zone: DMA32
[    0.000000] Kernel command line: BOOT_IMAGE=/boot/vmlinuz-4.15.0-128-generic root=UUID=e01e0f19-d458-4161-8fcc-cddc319ae429 ro console=tty1 console=ttyS0
[    0.000000] Memory: 982484K/1048120K available (12300K kernel code, 2492K rwdata, 4264K rodata, 2440K init, 2724K bss, 65636K reserved, 0K cma-reserved)
[    0.000000] SLUB: HWalign=64, Order=0-3, MinObjects=0, CPUs=2, Nodes=1
[    0.000000] ftrace: allocating 39406 entries in 154 pages
[    0.004000] Hierarchical RCU implementation.
[    0.004000] 	RCU restricting CPUs from NR_CPUS=8192 to nr_cpu_ids=2.
[    0.004000] 	Tasks RCU enabled.
[    0.004000] RCU: Adjusting geometry for rcu_fanout_leaf=16, nr_cpu_ids=2
[    0.004000] NR_IRQS: 524544, nr_irqs: 440, preallocated irqs: 16
[    0.004000] Console: colour VGA+ 80x25
[    0.004000] console [tty1] enabled
[    0.004000] console [ttyS0] enabled
[    0.004000] ACPI: Core revision 20170831
[    0.004000] ACPI: 2 ACPI AML tables successfully acquired and loaded
[    0.004000] APIC: Switch to symmetric I/O mode setup
[    0.004000] x2apic enabled
[    0.004000] Switched APIC routing to physical x2apic.
[    0.004000] ..TIMER: vector=0x30 apic1=0 pin1=2 apic2=-1 pin2=-1
[    0.004000] tsc: Detected 3593.250 MHz processor
[    0.004000] Calibrating delay loop (skipped) preset value.. 7186.50 BogoMIPS (lpj=14373000)
[    0.004000] pid_max: default: 32768 minimum: 301
[    0.004000] Security Framework initialized
[    0.004000] Yama: becoming mindful.
[    0.004000] AppArmor: AppArmor initialized
[    0.004000] Dentry cache hash table entries: 131072 (order: 8, 1048576 bytes)
[    0.004000] Inode-cache hash table entries: 65536 (order: 7, 524288 bytes)
[    0.004000] Mount-cache hash table entries: 2048 (order: 2, 16384 bytes)
[    0.004000] Mountpoint-cache hash table entries: 2048 (order: 2, 16384 bytes)
[    0.004000] Last level iTLB entries: 4KB 1024, 2MB 1024, 4MB 512
[    0.004000] Last level dTLB entries: 4KB 1536, 2MB 1536, 4MB 768, 1GB 0
[    0.004000] Spectre V1 : Mitigation: usercopy/swapgs barriers and __user pointer sanitization
[    0.004000] Spectre V2 : Spectre mitigation: LFENCE not serializing, switching to generic retpoline
[    0.004000] Spectre V2 : Mitigation: Full generic retpoline
[    0.004000] Spectre V2 : Spectre v2 / SpectreRSB mitigation: Filling RSB on context switch
[    0.004000] Speculative Store Bypass: Mitigation: Speculative Store Bypass disabled via prctl and seccomp
[    0.004000] Freeing SMP alternatives memory: 36K
[    0.117827] APIC calibration not consistent with PM-Timer: 108ms instead of 100ms
[    0.118716] APIC delta adjusted to PM-Timer: 6377886 (6892673)
[    0.119415] smpboot: CPU0: AMD Ryzen 3 3200G with Radeon Vega Graphics (family: 0x17, model: 0x18, stepping: 0x1)
[    0.120000] Performance Events: PMU not available due to virtualization, using software events only.
[    0.120000] Hierarchical SRCU implementation.
[    0.120000] NMI watchdog: Perf event create on CPU 0 failed with -2
[    0.120000] NMI watchdog: Perf NMI watchdog permanently disabled
[    0.120000] smp: Bringing up secondary CPUs ...
[    0.120000] x86: Booting SMP configuration:
[    0.120000] .... node  #0, CPUs:      #1
[    0.004000] kvm-clock: cpu 1, msr 0:3ff44041, secondary cpu clock
[    0.124020] smp: Brought up 1 node, 2 CPUs
[    0.124505] smpboot: Max logical packages: 1
[    0.125010] smpboot: Total of 2 processors activated (14373.00 BogoMIPS)
[    0.125840] devtmpfs: initialized
[    0.125840] x86/mm: Memory block size: 128MB
[    0.125840] evm: security.selinux
[    0.128007] evm: security.SMACK64
[    0.128419] evm: security.SMACK64EXEC
[    0.128868] evm: security.SMACK64TRANSMUTE
[    0.129359] evm: security.SMACK64MMAP
[    0.129830] evm: security.apparmor
[    0.130262] evm: security.ima
[    0.130651] evm: security.capability
[    0.132061] clocksource: jiffies: mask: 0xffffffff max_cycles: 0xffffffff, max_idle_ns: 7645041785100000 ns
[    0.133706] futex hash table entries: 512 (order: 3, 32768 bytes)
[    0.134825] pinctrl core: initialized pinctrl subsystem
[    0.137778] RTC time:  2:16:34, date: 12/18/20
[    0.140154] NET: Registered protocol family 16
[    0.140769] audit: initializing netlink subsys (disabled)
[    0.141434] audit: type=2000 audit(1608257800.061:1): state=initialized audit_enabled=0 res=1
[    0.144009] cpuidle: using governor ladder
[    0.144630] cpuidle: using governor menu
[    0.144682] ACPI: bus type PCI registered
[    0.144682] acpiphp: ACPI Hot Plug PCI Controller Driver version: 0.5
[    0.145376] PCI: Using configuration type 1 for base access
[    0.146047] PCI: Using configuration type 1 for extended access
[    0.148662] HugeTLB registered 2.00 MiB page size, pre-allocated 0 pages
[    0.149166] ACPI: Added _OSI(Module Device)
[    0.152006] ACPI: Added _OSI(Processor Device)
[    0.152539] ACPI: Added _OSI(3.0 _SCP Extensions)
[    0.153087] ACPI: Added _OSI(Processor Aggregator Device)
[    0.153707] ACPI: Added _OSI(Linux-Dell-Video)
[    0.154233] ACPI: Added _OSI(Linux-Lenovo-NV-HDMI-Audio)
[    0.154845] ACPI: Added _OSI(Linux-HPI-Hybrid-Graphics)
[    0.156221] ACPI: Executed 1 blocks of module-level executable AML code
[    0.156726] ACPI: Interpreter enabled
[    0.157175] ACPI: (supports S0 S5)
[    0.157585] ACPI: Using IOAPIC for interrupt routing
[    0.158333] PCI: Using host bridge windows from ACPI; if necessary, use "pci=nocrs" and report a bug
[    0.159460] ACPI: Enabled 2 GPEs in block 00 to 07
[    0.164334] ACPI: PCI Root Bridge [PCI0] (domain 0000 [bus 00-ff])
[    0.165011] acpi PNP0A03:00: _OSC: OS supports [ExtendedConfig ASPM ClockPM Segments MSI]
[    0.166719] acpi PNP0A03:00: _OSC: platform does not support [PCIeCapability]
[    0.167895] acpi PNP0A03:00: _OSC: not requesting control; platform does not support [PCIeCapability]
[    0.172003] acpi PNP0A03:00: _OSC: OS requested [PCIeHotplug PME AER PCIeCapability]
[    0.172878] acpi PNP0A03:00: _OSC: platform willing to grant [PCIeHotplug PME AER]
[    0.173724] acpi PNP0A03:00: _OSC failed (AE_SUPPORT); disabling ASPM
[    0.174709] PCI host bridge to bus 0000:00
[    0.175626] pci_bus 0000:00: root bus resource [io  0x0000-0x0cf7 window]
[    0.176002] pci_bus 0000:00: root bus resource [io  0x0d00-0xffff window]
[    0.176761] pci_bus 0000:00: root bus resource [mem 0x000a0000-0x000bffff window]
[    0.177624] pci_bus 0000:00: root bus resource [mem 0x40000000-0xfdffffff window]
[    0.178485] pci_bus 0000:00: root bus resource [bus 00-ff]
[    0.181417] pci 0000:00:01.1: legacy IDE quirk: reg 0x10: [io  0x01f0-0x01f7]
[    0.182187] pci 0000:00:01.1: legacy IDE quirk: reg 0x14: [io  0x03f6]
[    0.182892] pci 0000:00:01.1: legacy IDE quirk: reg 0x18: [io  0x0170-0x0177]
[    0.183651] pci 0000:00:01.1: legacy IDE quirk: reg 0x1c: [io  0x0376]
[    0.195170] pci 0000:00:07.0: quirk: [io  0x4000-0x403f] claimed by PIIX4 ACPI
[    0.195170] pci 0000:00:07.0: quirk: [io  0x4100-0x410f] claimed by PIIX4 SMB
[    0.203525] ACPI: PCI Interrupt Link [LNKA] (IRQs 5 9 10 *11)
[    0.204078] ACPI: PCI Interrupt Link [LNKB] (IRQs 5 9 *10 11)
[    0.204813] ACPI: PCI Interrupt Link [LNKC] (IRQs 5 *9 10 11)
[    0.205546] ACPI: PCI Interrupt Link [LNKD] (IRQs 5 9 10 *11)
[    0.206428] SCSI subsystem initialized
[    0.206896] pci 0000:00:02.0: vgaarb: setting as boot VGA device
[    0.206896] pci 0000:00:02.0: vgaarb: VGA device added: decodes=io+mem,owns=io+mem,locks=none
[    0.208013] pci 0000:00:02.0: vgaarb: bridge control possible
[    0.208637] vgaarb: loaded
[    0.208994] ACPI: bus type USB registered
[    0.209469] usbcore: registered new interface driver usbfs
[    0.210078] usbcore: registered new interface driver hub
[    0.210677] usbcore: registered new device driver usb
[    0.212028] EDAC MC: Ver: 3.0.0
[    0.212699] PCI: Using ACPI for IRQ routing
[    0.213046] NetLabel: Initializing
[    0.213655] NetLabel:  domain hash size = 128
[    0.214285] NetLabel:  protocols = UNLABELED CIPSOv4 CALIPSO
[    0.216015] NetLabel:  unlabeled traffic allowed by default
[    0.216693] clocksource: Switched to clocksource kvm-clock
[    0.228404] VFS: Disk quotas dquot_6.6.0
[    0.228950] VFS: Dquot-cache hash table entries: 512 (order 0, 4096 bytes)
[    0.229771] AppArmor: AppArmor Filesystem Enabled
[    0.230333] pnp: PnP ACPI init
[    0.231473] pnp: PnP ACPI: found 3 devices
[    0.239808] clocksource: acpi_pm: mask: 0xffffff max_cycles: 0xffffff, max_idle_ns: 2085701024 ns
[    0.240847] NET: Registered protocol family 2
[    0.241433] TCP established hash table entries: 8192 (order: 4, 65536 bytes)
[    0.242186] TCP bind hash table entries: 8192 (order: 5, 131072 bytes)
[    0.244376] TCP: Hash tables configured (established 8192 bind 8192)
[    0.245128] UDP hash table entries: 512 (order: 2, 16384 bytes)
[    0.245775] UDP-Lite hash table entries: 512 (order: 2, 16384 bytes)
[    0.246503] NET: Registered protocol family 1
[    0.247003] pci 0000:00:00.0: Limiting direct PCI/PCI transfers
[    0.247652] pci 0000:00:01.0: Activating ISA DMA hang workarounds
[    0.248348] pci 0000:00:02.0: Video device with shadowed ROM at [mem 0x000c0000-0x000dffff]
[    0.249316] Unpacking initramfs...
[    0.524939] Freeing initrd memory: 19752K
[    0.525550] clocksource: tsc: mask: 0xffffffffffffffff max_cycles: 0x33cb6addeae, max_idle_ns: 440795225061 ns
[    0.526730] platform rtc_cmos: registered platform RTC device (no PNP device found)
[    0.527660] Scanning for low memory corruption every 60 seconds
[    0.529022] Initialise system trusted keyrings
[    0.529815] Key type blacklist registered
[    0.530583] workingset: timestamp_bits=36 max_order=18 bucket_order=0
[    0.532585] zbud: loaded
[    0.533628] squashfs: version 4.0 (2009/01/31) Phillip Lougher
[    0.534801] fuse init (API version 7.26)
[    0.538957] Key type asymmetric registered
[    0.539721] Asymmetric key parser 'x509' registered
[    0.540580] Block layer SCSI generic (bsg) driver version 0.4 loaded (major 246)
[    0.541724] io scheduler noop registered
[    0.542188] io scheduler deadline registered
[    0.542699] io scheduler cfq registered (default)
[    0.543468] ACPI: AC Adapter [AC] (on-line)
[    0.544086] input: Power Button as /devices/LNXSYSTM:00/LNXPWRBN:00/input/input0
[    0.544992] ACPI: Power Button [PWRF]
[    0.545484] input: Sleep Button as /devices/LNXSYSTM:00/LNXSLPBN:00/input/input1
[    0.546353] ACPI: Sleep Button [SLPF]
[    0.547080] Serial: 8250/16550 driver, 32 ports, IRQ sharing enabled
[    0.568572] 00:02: ttyS0 at I/O 0x3f8 (irq = 4, base_baud = 115200) is a 16550A
[    0.571639] Linux agpgart interface v0.103
[    0.576086] loop: module loaded
[    0.576931] scsi host0: ata_piix
[    0.577632] scsi host1: ata_piix
[    0.578034] ata1: PATA max UDMA/33 cmd 0x1f0 ctl 0x3f6 bmdma 0xd000 irq 14
[    0.578767] ata2: PATA max UDMA/33 cmd 0x170 ctl 0x376 bmdma 0xd008 irq 15
[    0.579537] libphy: Fixed MDIO Bus: probed
[    0.580009] tun: Universal TUN/TAP device driver, 1.6
[    0.580637] PPP generic driver version 2.4.2
[    0.581177] ehci_hcd: USB 2.0 'Enhanced' Host Controller (EHCI) Driver
[    0.581880] ehci-pci: EHCI PCI platform driver
[    0.582391] ehci-platform: EHCI generic platform driver
[    0.582964] ohci_hcd: USB 1.1 'Open' Host Controller (OHCI) Driver
[    0.583630] ohci-pci: OHCI PCI platform driver
[    0.584188] ohci-platform: OHCI generic platform driver
[    0.584772] uhci_hcd: USB Universal Host Controller Interface driver
[    0.585492] i8042: PNP: PS/2 Controller [PNP0303:PS2K,PNP0f03:PS2M] at 0x60,0x64 irq 1,12
[    0.586798] serio: i8042 KBD port at 0x60,0x64 irq 1
[    0.587391] serio: i8042 AUX port at 0x60,0x64 irq 12
[    0.588107] mousedev: PS/2 mouse device common for all mice
[    0.588989] input: AT Translated Set 2 keyboard as /devices/platform/i8042/serio0/input/input2
[    0.590259] rtc_cmos rtc_cmos: rtc core: registered rtc_cmos as rtc0
[    0.591005] rtc_cmos rtc_cmos: alarms up to one day, 114 bytes nvram
[    0.591713] i2c /dev entries driver
[    0.592175] device-mapper: uevent: version 1.0.3
[    0.592798] device-mapper: ioctl: 4.37.0-ioctl (2017-09-20) initialised: dm-devel@redhat.com
[    0.593782] ledtrig-cpu: registered to indicate activity on CPUs
[    0.594838] NET: Registered protocol family 10
[    0.598455] Segment Routing with IPv6
[    0.598918] NET: Registered protocol family 17
[    0.599477] Key type dns_resolver registered
[    0.600321] mce: Using 0 MCE banks
[    0.600952] RAS: Correctable Errors collector initialized.
[    0.601874] sched_clock: Marking stable (600294412, 0)->(718734896, -118440484)
[    0.603377] registered taskstats version 1
[    0.603981] Loading compiled-in X.509 certificates
[    0.606183] Loaded X.509 cert 'Build time autogenerated kernel key: a4ed3776674b1fc76878248053bb1a15dcee1c82'
[    0.607314] zswap: loaded using pool lzo/zbud
[    0.609948] Key type big_key registered
[    0.610424] Key type trusted registered
[    0.611867] Key type encrypted registered
[    0.612347] AppArmor: AppArmor sha1 policy hashing enabled
[    0.612993] ima: No TPM chip found, activating TPM-bypass! (rc=-19)
[    0.613717] ima: Allocated hash algorithm: sha1
[    0.614263] evm: HMAC attrs: 0x1
[    0.614860]   Magic number: 0:319:258
[    0.615381] rtc_cmos rtc_cmos: setting system clock to 2020-12-18 02:16:35 UTC (1608257795)
[    0.616505] BIOS EDD facility v0.16 2004-Jun-25, 0 devices found
[    0.617198] EDD information not available.
[    0.765804] Freeing unused kernel image memory: 2440K
[    1.118775] Write protecting the kernel read-only data: 20480k
[    1.122107] Freeing unused kernel image memory: 2008K
[    1.124484] Freeing unused kernel image memory: 1880K
[    1.136515] x86/mm: Checked W+X mappings: passed, no W+X pages found.
Loading, please wait...
starting version 237
[    1.189565] Fusion MPT base driver 3.04.20
[    1.190150] Copyright (c) 1999-2008 LSI Corporation
[    1.193885] Fusion MPT SPI Host driver 3.04.20
[    1.194912] e1000: Intel(R) PRO/1000 Network Driver - version 7.3.21-k8-NAPI
[    1.195670] e1000: Copyright (c) 1999-2006 Intel Corporation.
[    1.202046] AVX2 version of gcm_enc/dec engaged.
[    1.202611] AES CTR mode by8 optimization enabled
[    1.203261] mptbase: ioc0: Initiating bringup
[    1.297411] ioc0: LSI53C1030 A0: Capabilities={Initiator}
[    1.404129] input: ImExPS/2 Generic Explorer Mouse as /devices/platform/i8042/serio1/input/input4
[    1.545679] scsi host2: ioc0: LSI53C1030 A0, FwRev=00000000h, Ports=1, MaxQ=256, IRQ=20
[    1.945276] scsi 2:0:0:0: Direct-Access     VBOX     HARDDISK         1.0  PQ: 0 ANSI: 5
[    1.984159] scsi target2:0:0: Beginning Domain Validation
[    1.986396] scsi target2:0:0: Domain Validation skipping write tests
[    1.987766] scsi target2:0:0: Ending Domain Validation
[    1.988727] scsi target2:0:0: asynchronous
[    1.989763] scsi 2:0:1:0: Direct-Access     VBOX     HARDDISK         1.0  PQ: 0 ANSI: 5
[    2.302520] scsi target2:0:1: Beginning Domain Validation
[    2.306830] scsi target2:0:1: Domain Validation skipping write tests
[    2.309192] scsi target2:0:1: Ending Domain Validation
[    2.311179] scsi target2:0:1: asynchronous
[    2.313129] random: fast init done
[    2.319469] random: systemd-udevd: uninitialized urandom read (16 bytes read)
[    2.320508] random: systemd-udevd: uninitialized urandom read (16 bytes read)
[    2.321460] random: systemd-udevd: uninitialized urandom read (16 bytes read)
[    2.322726] sd 2:0:0:0: Attached scsi generic sg0 type 0
[    2.323562] sd 2:0:0:0: [sda] 20971520 512-byte logical blocks: (10.7 GB/10.0 GiB)
[    2.324098] e1000 0000:00:03.0 eth0: (PCI:33MHz:32-bit) 02:bd:38:fa:b3:5d
[    2.325001] sd 2:0:1:0: Attached scsi generic sg1 type 0
[    2.325535] e1000 0000:00:03.0 eth0: Intel(R) PRO/1000 Network Connection
[    2.326240] sd 2:0:0:0: [sda] Write Protect is off
[    2.327927] sd 2:0:0:0: [sda] Incomplete mode parameter data
[    2.329227] sd 2:0:0:0: [sda] Assuming drive cache: write through
[    2.330035] sd 2:0:1:0: [sdb] 20480 512-byte logical blocks: (10.5 MB/10.0 MiB)
[    2.331077] sd 2:0:1:0: [sdb] Write Protect is off
[    2.331812] sd 2:0:1:0: [sdb] Incomplete mode parameter data
[    2.332586] sd 2:0:1:0: [sdb] Assuming drive cache: write through
[    2.334102]  sda: sda1
[    2.335017] sd 2:0:0:0: [sda] Attached SCSI disk
[    2.335279] sd 2:0:1:0: [sdb] Attached SCSI disk
[    2.789513] e1000 0000:00:08.0 eth1: (PCI:33MHz:32-bit) 08:00:27:f9:a1:de
[    2.790301] e1000 0000:00:08.0 eth1: Intel(R) PRO/1000 Network Connection
[    2.791977] e1000 0000:00:08.0 enp0s8: renamed from eth1
[    2.831879] e1000 0000:00:03.0 enp0s3: renamed from eth0
Begin: Loading essential drivers ... [    4.228755] raid6: sse2x1   gen()  7269 MB/s
[    4.276016] raid6: sse2x1   xor()  6286 MB/s
[    4.324767] raid6: sse2x2   gen() 12957 MB/s
[    4.373727] raid6: sse2x2   xor()  8917 MB/s
[    4.421716] raid6: sse2x4   gen() 13351 MB/s
[    4.468739] raid6: sse2x4   xor()  7966 MB/s
[    4.516750] raid6: avx2x1   gen() 15034 MB/s
[    4.565715] raid6: avx2x1   xor() 11806 MB/s
[    4.612019] raid6: avx2x2   gen() 19351 MB/s
[    4.660753] raid6: avx2x2   xor() 12688 MB/s
[    4.708007] raid6: avx2x4   gen() 20304 MB/s
[    4.756726] raid6: avx2x4   xor() 11906 MB/s
[    4.757463] raid6: using algorithm avx2x4 gen() 20304 MB/s
[    4.758225] raid6: .... xor() 11906 MB/s, rmw enabled
[    4.758857] raid6: using avx2x2 recovery algorithm
[    4.760505] xor: automatically using best checksumming function   avx       
[    4.762445] async_tx: api initialized (async)
done.
Begin: Running /scripts/init-premount ... done.
Begin: Mounting root file system ... Begin: Running /scripts/local-top ... done.
Begin: Running /scripts/local-premount ... [    4.796223] Btrfs loaded, crc32c=crc32c-intel
Scanning for Btrfs filesystems
done.
Warning: fsck not present, so skipping root file system
[    4.820547] EXT4-fs (sda1): mounted filesystem with ordered data mode. Opts: (null)
done.
Begin: Running /scripts/local-bottom ... done.
Begin: Running /scripts/init-bottom ... done.
[    4.983920] ip_tables: (C) 2000-2006 Netfilter Core Team
[    4.993119] systemd[1]: systemd 237 running in system mode. (+PAM +AUDIT +SELINUX +IMA +APPARMOR +SMACK +SYSVINIT +UTMP +LIBCRYPTSETUP +GCRYPT +GNUTLS +ACL +XZ +LZ4 +SECCOMP +BLKID +ELFUTILS +KMOD -IDN2 +IDN -PCRE2 default-hierarchy=hybrid)
[    4.995415] systemd[1]: Detected virtualization oracle.
[    4.996008] systemd[1]: Detected architecture x86-64.

Welcome to [1mUbuntu 18.04.5 LTS[0m!

[    5.001532] systemd[1]: Set hostname to <mysqldb>.
[    5.233327] systemd[1]: Reached target User and Group Name Lookups.
[[0;32m  OK  [0m] Reached target User and Group Name Lookups.
[    5.235819] systemd[1]: Created slice User and Session Slice.
[[0;32m  OK  [0m] Created slice User and Session Slice.
[    5.236996] systemd[1]: Reached target Swap.
[[0;32m  OK  [0m] Reached target Swap.
[    5.237987] systemd[1]: Created slice System Slice.
[[0;32m  OK  [0m] Created slice System Slice.
[    5.238929] systemd[1]: Reached target Slices.
[[0;32m  OK  [0m] Reached target Slices.
[    5.239882] systemd[1]: Listening on Journal Socket.
[[0;32m  OK  [0m] Listening on Journal Socket.
         Mounting Kernel Debug File System...
         Starting Load Kernel Modules...
         Starting Create list of required st…ce nodes for the current kernel...
         Starting Set the console keyboard layout...
[[0;32m  OK  [0m] Listening on Journal Audit Socket.
[[0;32m  OK  [0m] Listening on udev Kernel Socket.
[[0;32m  OK  [0m] Listening on udev Control Socket.
         Starting udev Coldplug all Devices...
[[0;32m  OK  [0m] Listening on Journal Socket (/dev/log).
         Mounting Huge Pages File System...
[[0;32m  OK  [0m] Listening on Syslog Socket.
         Starting Journal Service...
[[0;32m  OK  [0m] Listening on LVM2 metadata daemon socket.
         Starting Uncomplicated firewall...
[[0;32m  OK  [0m] Listening on LVM2 poll daemon socket.
[[0;32m  OK  [0m] Created slice system-serial\x2dgetty.slice.
[[0;32m  OK  [0m] Listening on Network Service Netlink Socket.
         Mounting POSIX Message Queue File System...
         Starting Remount Root and Kernel File Systems...
[[0;32m  OK  [0m] Set up automount Arbitrary Executab…rmats File System Automount Point.
[[0;32m  OK  [0m] Listening on Device-mapper event daemon FIFOs.
         Starting Monitoring of LVM2 mirrors…ng dmeventd or progress polling...
[[0;32m  OK  [0m] Listening on /dev/initctl Compatibility Named Pipe.
[[0;32m  OK  [0m] Reached target System Time Synchronized.
[[0;32m  OK  [0m] Started Forward Password Requests to Wall Directory Watch.
[[0;32m  OK  [0m] Mounted Kernel Debug File System.
[[0;32m  OK  [0m] Started Create list of required sta…vice nodes for the current kernel.
[[0;32m  OK  [0m] Mounted Huge Pages File System.
[[0;32m  OK  [0m] Started Uncomplicated firewall.
[[0;32m  OK  [0m] Mounted POSIX Message Queue File System.
         Starting Create Static Device Nodes in /dev...
[    5.300133] Loading iSCSI transport class v2.0-870.
[    5.305738] iscsi: registered transport (tcp)
[[0;32m  OK  [0m] Started udev Coldplug all Devices.
[    5.328998] EXT4-fs (sda1): re-mounted. Opts: (null)
[[0;32m  OK  [0m] Started Remount Root and Kernel File Systems.
[    5.365662] iscsi: registered transport (iser)
         Starting Load/Save Random Seed...
[[0;32m  OK  [0m] Started Journal Service.
[[0;32m  OK  [0m] Started Load Kernel Modules.
[[0;32m  OK  [0m] Started Create Static Device Nodes in /dev.
         Starting udev Kernel Device Manager...
         Starting Apply Kernel Variables...
         Mounting FUSE Control File System...
         Mounting Kernel Configuration File System...
         Starting Flush Journal to Persistent Storage...
[[0;32m  OK  [0m] Mounted FUSE Control File System.
[[0;32m  OK  [0m] Mounted Kernel Configuration File System.
[[0;32m  OK  [0m] Started LVM2 metadata daemon.
[[0;32m  OK  [0m] Started Load/Save Random Seed.
[[0;32m  OK  [0m] Started udev Kernel Device Manager.
[[0;32m  OK  [0m] Started Apply Kernel Variables.
[[0;32m  OK  [0m] Started Monitoring of LVM2 mirrors,…sing dmeventd or progress polling.
[[0;32m  OK  [0m] Started Set the console keyboard layout.
[[0;32m  OK  [0m] Reached target Local File Systems (Pre).
         Mounting /home/vagrant/teste1...
[[0;32m  OK  [0m] Reached target Local File Systems.
         Starting ebtables ruleset management...
         Starting AppArmor initialization...
         Starting Set console font and keymap...
         Starting Tell Plymouth To Write Out Runtime Data...
         Mounting /Users/takayama/Music/vagrant/mysql...
[[0;32m  OK  [0m] Started Dispatch Password Requests to Console Directory Watch.
[[0;32m  OK  [0m] Reached target Local Encrypted Volumes.
[[0;32m  OK  [0m] Started Flush Journal to Persistent Storage.
         Starting Create Volatile Files and Directories...
[[0;32m  OK  [0m] Started Set console font and keymap.
[[0;32m  OK  [0m] Started Tell Plymouth To Write Out Runtime Data.
[[0;32m  OK  [0m] Started Create Volatile Files and Directories.
         Starting Update UTMP about System Boot/Shutdown...
[[0;32m  OK  [0m] Started Update UTMP about System Boot/Shutdown.
[[0;1;31mFAILED[0m] Failed to mount /home/vagrant/teste1.
See 'systemctl status home-vagrant-teste1.mount' for details.
[[0;1;31mFAILED[0m] Failed to mount /Users/takayama/Music/vagrant/mysql.
See 'systemctl status Users-takayama-Music-vagrant-mysql.mount' for details.
[[0;32m  OK  [0m] Found device /dev/ttyS0.
[[0;32m  OK  [0m] Started ebtables ruleset management.
[[0;32m  OK  [0m] Listening on Load/Save RF Kill Switch Status /dev/rfkill Watch.
[[0;32m  OK  [0m] Started AppArmor initialization.
         Starting Load AppArmor profiles managed internally by snapd...
         Starting Initial cloud-init job (pre-networking)...
[[0;32m  OK  [0m] Started Load AppArmor profiles managed internally by snapd.
[    7.070241] cloud-init[565]: Cloud-init v. 20.3-2-g371b392c-0ubuntu1~18.04.1 running 'init-local' at Fri, 18 Dec 2020 02:16:41 +0000. Up 6.90 seconds.
[[0;32m  OK  [0m] Started Initial cloud-init job (pre-networking).
[[0;32m  OK  [0m] Reached target Network (Pre).
         Starting Network Service...
[[0;32m  OK  [0m] Started Network Service.
         Starting Network Name Resolution...
         Starting Wait for Network to be Configured...
[[0;32m  OK  [0m] Started Network Name Resolution.
[[0;32m  OK  [0m] Reached target Network.
[[0;32m  OK  [0m] Reached target Host and Network Name Lookups.
[[0;32m  OK  [0m] Started Wait for Network to be Configured.
         Starting Initial cloud-init job (metadata service crawler)...
[   10.918731] cloud-init[690]: Cloud-init v. 20.3-2-g371b392c-0ubuntu1~18.04.1 running 'init' at Fri, 18 Dec 2020 02:16:45 +0000. Up 10.80 seconds.
[   10.921106] cloud-init[690]: ci-info: +++++++++++++++++++++++++++++++++++++++++++++Net device info++++++++++++++++++++++++++++++++++++++++++++++
[   10.922748] cloud-init[690]: ci-info: +--------+------+-------------------------------------------+---------------+--------+-------------------+
[   10.924028] cloud-init[690]: ci-info: | Device |  Up  |                  Address                  |      Mask     | Scope  |     Hw-Address    |
[   10.925438] cloud-init[690]: ci-info: +--------+------+-------------------------------------------+---------------+--------+-------------------+
[   10.926538] cloud-init[690]: ci-info: | enp0s3 | True |                 10.0.2.15                 | 255.255.255.0 | global | 02:bd:38:fa:b3:5d |
[   10.927644] cloud-init[690]: ci-info: | enp0s3 | True |         fe80::bd:38ff:fefa:b35d/64        |       .       |  link  | 02:bd:38:fa:b3:5d |
[   10.928859] cloud-init[690]: ci-info: | enp0s8 | True |              192.168.100.159              | 255.255.255.0 | global | 08:00:27:f9:a1:de |
[   10.930582] cloud-init[690]: ci-info: | enp0s8 | True | 2804:3f48:f144:3500:a00:27ff:fef9:a1de/64 |       .       | global | 08:00:27:f9:a1:de |
[   10.931731] cloud-init[690]: ci-info: | enp0s8 | True |        fe80::a00:27ff:fef9:a1de/64        |       .       |  link  | 08:00:27:f9:a1:de |
[   10.933519] cloud-init[690]: ci-info: |   lo   | True |                 127.0.0.1                 |   255.0.0.0   |  host  |         .         |
[   10.934677] cloud-init[690]: ci-info: |   lo   | True |                  ::1/128                  |       .       |  host  |         .         |
[   10.935880] cloud-init[690]: ci-info: +--------+------+-------------------------------------------+---------------+--------+-------------------+
[   10.937061] cloud-init[690]: ci-info: ++++++++++++++++++++++++++++++++Route IPv4 info++++++++++++++++++++++++++++++++
[   10.938040] cloud-init[690]: ci-info: +-------+---------------+---------------+-----------------+-----------+-------+
[   10.939725] cloud-init[690]: ci-info: | Route |  Destination  |    Gateway    |     Genmask     | Interface | Flags |
[   10.941467] cloud-init[690]: ci-info: +-------+---------------+---------------+-----------------+-----------+-------+
[   10.943344] cloud-init[690]: ci-info: |   0   |    0.0.0.0    |    10.0.2.2   |     0.0.0.0     |   enp0s3  |   UG  |
[   10.944617] cloud-init[690]: ci-info: |   1   |    0.0.0.0    | 192.168.100.1 |     0.0.0.0     |   enp0s8  |   UG  |
[   10.948425] cloud-init[690]: ci-info: |   2   |    10.0.2.0   |    0.0.0.0    |  255.255.255.0  |   enp0s3  |   U   |
[   10.950794] cloud-init[690]: ci-info: |   3   |    10.0.2.2   |    0.0.0.0    | 255.255.255.255 |   enp0s3  |   UH  |
[   10.952885] cloud-init[690]: ci-info: |   4   | 192.168.100.0 |    0.0.0.0    |  255.255.255.0  |   enp0s8  |   U   |
[   10.954685] cloud-init[690]: ci-info: |   5   | 192.168.100.1 |    0.0.0.0    | 255.255.255.255 |   enp0s8  |   UH  |
[   10.956493] cloud-init[690]: ci-info: +-------+---------------+---------------+-----------------+-----------+-------+
[   10.957958] cloud-init[690]: ci-info: +++++++++++++++++++++++++Route IPv6 info++++++++++++++++++++++++++
[   10.959540] cloud-init[690]: ci-info: +-------+--------------------------+---------+-----------+-------+
[   10.960402] cloud-init[690]: ci-info: | Route |       Destination        | Gateway | Interface | Flags |
[   10.961248] cloud-init[690]: ci-info: +-------+--------------------------+---------+-----------+-------+
[   10.962029] cloud-init[690]: ci-info: |   1   | 2804:3f48:f144:3500::/64 |    ::   |   enp0s8  |   U   |
[   10.962900] cloud-init[690]: ci-info: |   2   |        fe80::/64         |    ::   |   enp0s3  |   U   |
[   10.963780] cloud-init[690]: ci-info: |   3   |        fe80::/64         |    ::   |   enp0s8  |   U   |
[   10.964645] cloud-init[690]: ci-info: |   4   |           ::/0           | fe80::1 |   enp0s8  |   UG  |
[   10.965632] cloud-init[690]: ci-info: |   6   |          local           |    ::   |   enp0s8  |   U   |
[   10.966689] cloud-init[690]: ci-info: |   7   |          local           |    ::   |   enp0s3  |   U   |
[   10.967609] cloud-init[690]: ci-info: |   8   |          local           |    ::   |   enp0s8  |   U   |
[   10.968539] cloud-init[690]: ci-info: |   9   |         ff00::/8         |    ::   |   enp0s3  |   U   |
[   10.969551] cloud-init[690]: ci-info: |   10  |         ff00::/8         |    ::   |   enp0s8  |   U   |
[   10.970589] cloud-init[690]: ci-info: +-------+--------------------------+---------+-----------+-------+
[[0;32m  OK  [0m] Started Initial cloud-init job (metadata service crawler).
[[0;32m  OK  [0m] Reached target Network is Online.
         Starting Availability of block devices...
[[0;32m  OK  [0m] Reached target Remote File Systems (Pre).
[[0;32m  OK  [0m] Reached target Remote File Systems.
[[0;32m  OK  [0m] Reached target System Initialization.
         Starting Socket activation for snappy daemon.
[[0;32m  OK  [0m] Listening on ACPID Listen Socket.
[[0;32m  OK  [0m] Started Discard unused blocks once a week.
[[0;32m  OK  [0m] Listening on UUID daemon activation socket.
[[0;32m  OK  [0m] Listening on D-Bus System Message Bus Socket.
[[0;32m  OK  [0m] Started Daily apt download activities.
[[0;32m  OK  [0m] Started Daily apt upgrade and clean activities.
         Starting LXD - unix socket.
[[0;32m  OK  [0m] Started Daily Cleanup of Temporary Directories.
[[0;32m  OK  [0m] Started ACPI Events Check.
[[0;32m  OK  [0m] Reached target Paths.
[[0;32m  OK  [0m] Started Message of the Day.
[[0;32m  OK  [0m] Reached target Timers.
[[0;32m  OK  [0m] Listening on Open-iSCSI iscsid Socket.
[[0;32m  OK  [0m] Reached target Cloud-config availability.
[[0;32m  OK  [0m] Started Availability of block devices.
[[0;32m  OK  [0m] Listening on Socket activation for snappy daemon.
[[0;32m  OK  [0m] Listening on LXD - unix socket.
[[0;32m  OK  [0m] Reached target Sockets.
[[0;32m  OK  [0m] Reached target Basic System.
         Starting System Logging Service...
         Starting Dispatcher daemon for systemd-networkd...
[[0;32m  OK  [0m] Started Deferred execution scheduler.
         Starting LSB: Record successful boot for GRUB...
         Starting Permit User Sessions...
         Starting Accounts Service...
         Starting MySQL Community Server...
         Starting OpenBSD Secure Shell server...
[[0;32m  OK  [0m] Started Regular background program processing daemon.
         Starting Virtualbox guest utils...
         Starting Login Service...
         Starting Snap Daemon...
         Starting LSB: automatic crash report generation...
[[0;32m  OK  [0m] Started FUSE filesystem for LXC.
         Starting LXD - container startup/shutdown...
[[0;32m  OK  [0m] Started D-Bus System Message Bus.
[[0;32m  OK  [0m] Started irqbalance daemon.
[[0;32m  OK  [0m] Started System Logging Service.
[[0;32m  OK  [0m] Started Permit User Sessions.
[[0;32m  OK  [0m] Started OpenBSD Secure Shell server.
[[0;32m  OK  [0m] Started Login Service.
[[0;32m  OK  [0m] Started Unattended Upgrades Shutdown.
         Starting Hold until boot process finishes up...
         Starting Terminate Plymouth Boot Screen...
[[0;32m  OK  [0m] Started Hold until boot process finishes up.
[[0;32m  OK  [0m] Started Serial Getty on ttyS0.
         Starting Set console scheme...
[[0;32m  OK  [0m] Started Terminate Plymouth Boot Screen.
[[0;32m  OK  [0m] Started Set console scheme.
[[0;32m  OK  [0m] Created slice system-getty.slice.
[[0;32m  OK  [0m] Started Getty on tty1.
[[0;32m  OK  [0m] Reached target Login Prompts.
         Starting Authorization Manager...
[[0;32m  OK  [0m] Started Authorization Manager.
[[0;32m  OK  [0m] Started Accounts Service.
[[0;32m  OK  [0m] Started LSB: automatic crash report generation.
[[0;32m  OK  [0m] Started Dispatcher daemon for systemd-networkd.
[[0;32m  OK  [0m] Started LSB: Record successful boot for GRUB.
[[0;32m  OK  [0m] Started Virtualbox guest utils.
[[0;32m  OK  [0m] Started LXD - container startup/shutdown.
[[0;32m  OK  [0m] Created slice User Slice of vagrant.
         Starting User Manager for UID 1000...
[[0;32m  OK  [0m] Started Session 1 of user vagrant.
[[0;32m  OK  [0m] Started Snap Daemon.
         Starting Wait until snapd is fully seeded...
[[0;32m  OK  [0m] Started User Manager for UID 1000.
[[0;32m  OK  [0m] Started Wait until snapd is fully seeded.
         Starting Apply the settings specified in cloud-config...
[[0;32m  OK  [0m] Started MySQL Community Server.
[[0;32m  OK  [0m] Reached target Multi-User System.
[[0;32m  OK  [0m] Reached target Graphical Interface.
         Starting Update UTMP about System Runlevel Changes...
[[0;32m  OK  [0m] Started Update UTMP about System Runlevel Changes.
[   13.333118] cloud-init[1175]: Cloud-init v. 20.3-2-g371b392c-0ubuntu1~18.04.1 running 'modules:config' at Fri, 18 Dec 2020 02:16:47 +0000. Up 13.10 seconds.
[[0;32m  OK  [0m] Started Apply the settings specified in cloud-config.
         Starting Execute cloud user/final scripts...
[   13.774991] cloud-init[1281]: Cloud-init v. 20.3-2-g371b392c-0ubuntu1~18.04.1 running 'modules:final' at Fri, 18 Dec 2020 02:16:48 +0000. Up 13.68 seconds.
[   13.777180] cloud-init[1281]: Cloud-init v. 20.3-2-g371b392c-0ubuntu1~18.04.1 finished at Fri, 18 Dec 2020 02:16:48 +0000. Datasource DataSourceNoCloud [seed=/dev/sdb][dsmode=net].  Up 13.76 seconds
[[0;32m  OK  [0m] Started Execute cloud user/final scripts.
[[0;32m  OK  [0m] Reached target Cloud-init target.

Ubuntu 18.04.5 LTS mysqldb ttyS0

mysqldb login:                                                                                                           Stopping Session 4 of user vagrant.
         Stopping Availability of block devices...
[[0;32m  OK  [0m] Stopped target Timers.
[[0;32m  OK  [0m] Stopped Discard unused blocks once a week.
[[0;32m  OK  [0m] Stopped Daily apt upgrade and clean activities.
[[0;32m  OK  [0m] Stopped Message of the Day.
[[0;32m  OK  [0m] Closed Load/Save RF Kill Switch Status /dev/rfkill Watch.
         Stopping Authorizati         Stopping System Logging Service...
         Stopping Accounts Service...
[[0;32m  OK  [0m] Stopped Daily Cleanup of Temporary Directories.
         Stopping User Manager for UID 1000...
[[0;32m  OK  [0m] Unmounted /var/lib/lxcfs.
[[0;32m  OK  [0m] Stopped System Logging Service.
[[0;32m  OK  [0m] Stopped Regular background program processing daemon.
[[0;32m  OK  [0m] Stopped Deferred execution scheduler.
[[0;32m  OK  [0m] Stopped Dispatcher daemon for systemd-networkd.
[[0;32m  OK  [0m] Stopped irqbalance daemon.
[[0;32m  OK  [0m] Stopped Accounts Service.
[[0;32m  OK  [0m] Stopped Serial Getty on ttyS0.
[[0;32m  OK  [0m] Stopped Getty on tty1.
[[0;32m  OK  [0m] Stopped OpenBSD Secure Shell server.
[[0;32m  OK  [0m] Stopped Authorization Manager.
[[0;32m  OK  [0m] Stopped User Manager for UID 1000.
[[0;32m  OK  [0m] Unmounted /home/vagrant/teste1.
[[0;32m  OK  [0m] Stopped D-Bus System Message Bus.
[[0;32m  OK  [0m] Stopped FUSE filesystem for LXC.
[[0;32m  OK  [0m] Stopped Session 4 of user vagrant.
         Unmounting /home/vagrant...
[[0;32m  OK  [0m] Removed slice User Slice of vagrant.
[[0;32m  OK  [0m] Removed slice system-getty.slice.
         Stopping Permit User Sessions...
[[0;32m  OK  [0m] Removed slice system-serial\x2dgetty.slice.
[[0;32m  OK  [0m] Stopped LXD - container startup/shutdown.
[[0;32m  OK  [0m] Stopped LSB: Record successful boot for GRUB.
[[0;32m  OK  [0m] Stopped Permit User Sessions.
[[0;32m  OK  [0m] Unmounted /home/vagrant.
[[0;32m  OK  [0m] Stopped Unattended Upgrades Shutdown.
         Stopping Login Service...
[[0;32m  OK  [0m] Stopped LSB: automatic crash report generation.
[[0;32m  OK  [0m] Stopped Availability of block devices.
[[0;32m  OK  [0m] Stopped Virtualbox guest utils.
[[0;32m  OK  [0m] Stopped Login Service.
[[0;32m  OK  [0m] Stopped target User and Group Name Lookups.
[[0;32m  OK  [0m] Stopped The Apache HTTP Server.
[[0;32m  OK  [0m] Stopped target Host and Network Name Lookups.
[[0;32m  OK  [0m] Stopped target Network.
         Stopping Network Name Resolution...
[[0;32m  OK  [0m] Stopped target Basic System.
[[0;32m  OK  [0m] Stopped target Slices.
[[0;32m  OK  [0m] Removed slice User and Session Slice.
[[0;32m  OK  [0m] Stopped target Paths.
[[0;32m  OK  [0m] Stopped ACPI Events Check.
[[0;32m  OK  [0m] Stopped target Sockets.
[[0;32m  OK  [0m] Closed Syslog Socket.
[[0;32m  OK  [0m] Closed Socket activation for snappy daemon.
[[0;32m  OK  [0m] Closed UUID daemon activation socket.
[[0;32m  OK  [0m] Closed D-Bus System Message Bus Socket.
[[0;32m  OK  [0m] Closed ACPID Listen Socket.
[[0;32m  OK  [0m] Closed Open-iSCSI iscsid Socket.
[[0;32m  OK  [0m] Closed LXD - unix socket.
[[0;32m  OK  [0m] Stopped target System Initialization.
         Stopping Update UTMP about System Boot/Shutdown...
[[0;32m  OK  [0m] Stopped Initial cloud-init job (metadata service crawler).
         Stopping Load/Save Random Seed...
[[0;32m  OK  [0m] Stopped target Local Encrypted Volumes.
[[0;32m  OK  [0m] Stopped Forward Password Requests to Wall Directory Watch.
[[0;32m  OK  [0m] Stopped Dispatch Password Requests to Console Directory Watch.
[[0;32m  OK  [0m] Stopped target Remote File Systems.
[[0;32m  OK  [0m] Stopped target Remote File Systems (Pre).
[[0;32m  OK  [0m] Stopped Network Name Resolution.
         Stopping Network Service...
[[0;32m  OK  [0m] Stopped Update UTMP about System Boot/Shutdown.
[[0;32m  OK  [0m] Stopped Create Volatile Files and Directories.
[[0;32m  OK  [0m] Stopped target Local File Systems.
         Unmounting /run/user/1000...
[[0;32m  OK  [0m] Unmounted /run/user/1000.
[[0;32m  OK  [0m] Reached target Unmount All Filesystems.
[[0;32m  OK  [0m] Stopped target Swap.
[[0;32m  OK  [0m] Stopped target Local File Systems (Pre).
         Stopping Monitoring of LVM2 mirrors…ng dmeventd or progress polling...
[[0;32m  OK  [0m] Stopped Create Static Device Nodes in /dev.
[[0;32m  OK  [0m] Stopped Load/Save Random Seed.
[[0;32m  OK  [0m] Stopped Network Service.
[[0;32m  OK  [0m] Stopped target Network (Pre).
[[0;32m  OK  [0m] Stopped Initial cloud-init job (pre-networking).
[[0;32m  OK  [0m] Stopped Remount Root and Kernel File Systems.
[[0;32m  OK  [0m] Stopped Apply Kernel Variables.
[[0;32m  OK  [0m] Stopped Load Kernel Modules.
[[0;32m  OK  [0m] Reached target Shutdown.
[[0;32m  OK  [0m] Reached target Final Step.
         Starting Reboot...
[[0;32m  OK  [0m] Stopped Monitoring of LVM2 mirrors,…sing dmeventd or progress polling.
         Stopping LVM2 metadata daemon...
[[0;32m  OK  [0m] Stopped LVM2 metadata daemon.
[  707.421186] reboot: Restarting system
[    0.000000] Linux version 4.15.0-128-generic (buildd@lcy01-amd64-025) (gcc version 7.5.0 (Ubuntu 7.5.0-3ubuntu1~18.04)) #131-Ubuntu SMP Wed Dec 9 06:57:35 UTC 2020 (Ubuntu 4.15.0-128.131-generic 4.15.18)
[    0.000000] Command line: BOOT_IMAGE=/boot/vmlinuz-4.15.0-128-generic root=UUID=e01e0f19-d458-4161-8fcc-cddc319ae429 ro console=tty1 console=ttyS0
[    0.000000] KERNEL supported cpus:
[    0.000000]   Intel GenuineIntel
[    0.000000]   AMD AuthenticAMD
[    0.000000]   Centaur CentaurHauls
[    0.000000] [Firmware Bug]: TSC doesn't count with P0 frequency!
[    0.000000] x86/fpu: Supporting XSAVE feature 0x001: 'x87 floating point registers'
[    0.000000] x86/fpu: Supporting XSAVE feature 0x002: 'SSE registers'
[    0.000000] x86/fpu: Supporting XSAVE feature 0x004: 'AVX registers'
[    0.000000] x86/fpu: xstate_offset[2]:  576, xstate_sizes[2]:  256
[    0.000000] x86/fpu: Enabled xstate features 0x7, context size is 832 bytes, using 'standard' format.
[    0.000000] e820: BIOS-provided physical RAM map:
[    0.000000] BIOS-e820: [mem 0x0000000000000000-0x000000000009fbff] usable
[    0.000000] BIOS-e820: [mem 0x000000000009fc00-0x000000000009ffff] reserved
[    0.000000] BIOS-e820: [mem 0x00000000000f0000-0x00000000000fffff] reserved
[    0.000000] BIOS-e820: [mem 0x0000000000100000-0x000000003ffeffff] usable
[    0.000000] BIOS-e820: [mem 0x000000003fff0000-0x000000003fffffff] ACPI data
[    0.000000] BIOS-e820: [mem 0x00000000fec00000-0x00000000fec00fff] reserved
[    0.000000] BIOS-e820: [mem 0x00000000fee00000-0x00000000fee00fff] reserved
[    0.000000] BIOS-e820: [mem 0x00000000fffc0000-0x00000000ffffffff] reserved
[    0.000000] NX (Execute Disable) protection: active
[    0.000000] SMBIOS 2.5 present.
[    0.000000] DMI: innotek GmbH VirtualBox/VirtualBox, BIOS VirtualBox 12/01/2006
[    0.000000] Hypervisor detected: KVM
[    0.000000] e820: last_pfn = 0x3fff0 max_arch_pfn = 0x400000000
[    0.000000] MTRR: Disabled
[    0.000000] x86/PAT: MTRRs disabled, skipping PAT initialization too.
[    0.000000] CPU MTRRs all blank - virtualized system.
[    0.000000] x86/PAT: Configuration [0-7]: WB  WT  UC- UC  WB  WT  UC- UC  
[    0.000000] found SMP MP-table at [mem 0x0009fff0-0x0009ffff]
[    0.000000] Scanning 1 areas for low memory corruption
[    0.000000] RAMDISK: [mem 0x3595b000-0x36ca4fff]
[    0.000000] ACPI: Early table checksum verification disabled
[    0.000000] ACPI: RSDP 0x00000000000E0000 000024 (v02 VBOX  )
[    0.000000] ACPI: XSDT 0x000000003FFF0030 00003C (v01 VBOX   VBOXXSDT 00000001 ASL  00000061)
[    0.000000] ACPI: FACP 0x000000003FFF00F0 0000F4 (v04 VBOX   VBOXFACP 00000001 ASL  00000061)
[    0.000000] ACPI: DSDT 0x000000003FFF0470 002325 (v02 VBOX   VBOXBIOS 00000002 INTL 20100528)
[    0.000000] ACPI: FACS 0x000000003FFF0200 000040
[    0.000000] ACPI: FACS 0x000000003FFF0200 000040
[    0.000000] ACPI: APIC 0x000000003FFF0240 00005C (v02 VBOX   VBOXAPIC 00000001 ASL  00000061)
[    0.000000] ACPI: SSDT 0x000000003FFF02A0 0001CC (v01 VBOX   VBOXCPUT 00000002 INTL 20100528)
[    0.000000] No NUMA configuration found
[    0.000000] Faking a node at [mem 0x0000000000000000-0x000000003ffeffff]
[    0.000000] NODE_DATA(0) allocated [mem 0x3ffc5000-0x3ffeffff]
[    0.000000] kvm-clock: cpu 0, msr 0:3ff44001, primary cpu clock
[    0.000000] kvm-clock: Using msrs 4b564d01 and 4b564d00
[    0.000000] kvm-clock: using sched offset of 3457257578 cycles
[    0.000000] clocksource: kvm-clock: mask: 0xffffffffffffffff max_cycles: 0x1cd42e4dffb, max_idle_ns: 881590591483 ns
[    0.000000] Zone ranges:
[    0.000000]   DMA      [mem 0x0000000000001000-0x0000000000ffffff]
[    0.000000]   DMA32    [mem 0x0000000001000000-0x000000003ffeffff]
[    0.000000]   Normal   empty
[    0.000000]   Device   empty
[    0.000000] Movable zone start for each node
[    0.000000] Early memory node ranges
[    0.000000]   node   0: [mem 0x0000000000001000-0x000000000009efff]
[    0.000000]   node   0: [mem 0x0000000000100000-0x000000003ffeffff]
[    0.000000] Reserved but unavailable: 98 pages
[    0.000000] Initmem setup node 0 [mem 0x0000000000001000-0x000000003ffeffff]
[    0.000000] ACPI: PM-Timer IO Port: 0x4008
[    0.000000] IOAPIC[0]: apic_id 2, version 32, address 0xfec00000, GSI 0-23
[    0.000000] ACPI: INT_SRC_OVR (bus 0 bus_irq 0 global_irq 2 dfl dfl)
[    0.000000] ACPI: INT_SRC_OVR (bus 0 bus_irq 9 global_irq 9 low level)
[    0.000000] Using ACPI (MADT) for SMP configuration information
[    0.000000] smpboot: Allowing 2 CPUs, 0 hotplug CPUs
[    0.000000] PM: Registered nosave memory: [mem 0x00000000-0x00000fff]
[    0.000000] PM: Registered nosave memory: [mem 0x0009f000-0x0009ffff]
[    0.000000] PM: Registered nosave memory: [mem 0x000a0000-0x000effff]
[    0.000000] PM: Registered nosave memory: [mem 0x000f0000-0x000fffff]
[    0.000000] e820: [mem 0x40000000-0xfebfffff] available for PCI devices
[    0.000000] Booting paravirtualized kernel on KVM
[    0.000000] clocksource: refined-jiffies: mask: 0xffffffff max_cycles: 0xffffffff, max_idle_ns: 7645519600211568 ns
[    0.000000] random: get_random_bytes called from start_kernel+0x99/0x500 with crng_init=0
[    0.000000] setup_percpu: NR_CPUS:8192 nr_cpumask_bits:2 nr_cpu_ids:2 nr_node_ids:1
[    0.000000] percpu: Embedded 45 pages/cpu s147456 r8192 d28672 u1048576
[    0.000000] PV qspinlock hash table entries: 256 (order: 0, 4096 bytes)
[    0.000000] Built 1 zonelists, mobility grouping on.  Total pages: 257913
[    0.000000] Policy zone: DMA32
[    0.000000] Kernel command line: BOOT_IMAGE=/boot/vmlinuz-4.15.0-128-generic root=UUID=e01e0f19-d458-4161-8fcc-cddc319ae429 ro console=tty1 console=ttyS0
[    0.000000] Memory: 982484K/1048120K available (12300K kernel code, 2492K rwdata, 4264K rodata, 2440K init, 2724K bss, 65636K reserved, 0K cma-reserved)
[    0.000000] SLUB: HWalign=64, Order=0-3, MinObjects=0, CPUs=2, Nodes=1
[    0.000000] ftrace: allocating 39406 entries in 154 pages
[    0.004000] Hierarchical RCU implementation.
[    0.004000] 	RCU restricting CPUs from NR_CPUS=8192 to nr_cpu_ids=2.
[    0.004000] 	Tasks RCU enabled.
[    0.004000] RCU: Adjusting geometry for rcu_fanout_leaf=16, nr_cpu_ids=2
[    0.004000] NR_IRQS: 524544, nr_irqs: 440, preallocated irqs: 16
[    0.004000] Console: colour VGA+ 80x25
[    0.004000] console [tty1] enabled
[    0.004000] console [ttyS0] enabled
[    0.004000] ACPI: Core revision 20170831
[    0.004000] ACPI: 2 ACPI AML tables successfully acquired and loaded
[    0.004000] APIC: Switch to symmetric I/O mode setup
[    0.004000] x2apic enabled
[    0.004000] Switched APIC routing to physical x2apic.
[    0.004000] ..TIMER: vector=0x30 apic1=0 pin1=2 apic2=-1 pin2=-1
[    0.004000] tsc: Detected 3593.250 MHz processor
[    0.004000] Calibrating delay loop (skipped) preset value.. 7186.50 BogoMIPS (lpj=14373000)
[    0.004000] pid_max: default: 32768 minimum: 301
[    0.004000] Security Framework initialized
[    0.004000] Yama: becoming mindful.
[    0.004000] AppArmor: AppArmor initialized
[    0.004000] Dentry cache hash table entries: 131072 (order: 8, 1048576 bytes)
[    0.004000] Inode-cache hash table entries: 65536 (order: 7, 524288 bytes)
[    0.004000] Mount-cache hash table entries: 2048 (order: 2, 16384 bytes)
[    0.004000] Mountpoint-cache hash table entries: 2048 (order: 2, 16384 bytes)
[    0.004000] Last level iTLB entries: 4KB 1024, 2MB 1024, 4MB 512
[    0.004000] Last level dTLB entries: 4KB 1536, 2MB 1536, 4MB 768, 1GB 0
[    0.004000] Spectre V1 : Mitigation: usercopy/swapgs barriers and __user pointer sanitization
[    0.004000] Spectre V2 : Spectre mitigation: LFENCE not serializing, switching to generic retpoline
[    0.004000] Spectre V2 : Mitigation: Full generic retpoline
[    0.004000] Spectre V2 : Spectre v2 / SpectreRSB mitigation: Filling RSB on context switch
[    0.004000] Speculative Store Bypass: Mitigation: Speculative Store Bypass disabled via prctl and seccomp
[    0.004000] Freeing SMP alternatives memory: 36K
[    0.117622] APIC calibration not consistent with PM-Timer: 107ms instead of 100ms
[    0.118540] APIC delta adjusted to PM-Timer: 6394110 (6876946)
[    0.119270] smpboot: CPU0: AMD Ryzen 3 3200G with Radeon Vega Graphics (family: 0x17, model: 0x18, stepping: 0x1)
[    0.120000] Performance Events: PMU not available due to virtualization, using software events only.
[    0.120000] Hierarchical SRCU implementation.
[    0.120000] NMI watchdog: Perf event create on CPU 0 failed with -2
[    0.120006] NMI watchdog: Perf NMI watchdog permanently disabled
[    0.121127] smp: Bringing up secondary CPUs ...
[    0.124095] x86: Booting SMP configuration:
[    0.124859] .... node  #0, CPUs:      #1
[    0.004000] kvm-clock: cpu 1, msr 0:3ff44041, secondary cpu clock
[    0.128016] smp: Brought up 1 node, 2 CPUs
[    0.128617] smpboot: Max logical packages: 1
[    0.129243] smpboot: Total of 2 processors activated (14373.00 BogoMIPS)
[    0.130269] devtmpfs: initialized
[    0.130269] x86/mm: Memory block size: 128MB
[    0.130269] evm: security.selinux
[    0.132009] evm: security.SMACK64
[    0.132465] evm: security.SMACK64EXEC
[    0.132927] evm: security.SMACK64TRANSMUTE
[    0.133432] evm: security.SMACK64MMAP
[    0.133889] evm: security.apparmor
[    0.134314] evm: security.ima
[    0.134702] evm: security.capability
[    0.135161] clocksource: jiffies: mask: 0xffffffff max_cycles: 0xffffffff, max_idle_ns: 7645041785100000 ns
[    0.136010] futex hash table entries: 512 (order: 3, 32768 bytes)
[    0.136931] pinctrl core: initialized pinctrl subsystem
[    0.137751] RTC time:  2:27:49, date: 12/18/20
[    0.138389] NET: Registered protocol family 16
[    0.138964] audit: initializing netlink subsys (disabled)
[    0.140023] audit: type=2000 audit(1608258474.973:1): state=initialized audit_enabled=0 res=1
[    0.144009] cpuidle: using governor ladder
[    0.144658] cpuidle: using governor menu
[    0.144658] ACPI: bus type PCI registered
[    0.144658] acpiphp: ACPI Hot Plug PCI Controller Driver version: 0.5
[    0.145313] PCI: Using configuration type 1 for base access
[    0.145941] PCI: Using configuration type 1 for extended access
[    0.148294] HugeTLB registered 2.00 MiB page size, pre-allocated 0 pages
[    0.149006] ACPI: Added _OSI(Module Device)
[    0.149006] ACPI: Added _OSI(Processor Device)
[    0.149076] ACPI: Added _OSI(3.0 _SCP Extensions)
[    0.149619] ACPI: Added _OSI(Processor Aggregator Device)
[    0.150232] ACPI: Added _OSI(Linux-Dell-Video)
[    0.152004] ACPI: Added _OSI(Linux-Lenovo-NV-HDMI-Audio)
[    0.152607] ACPI: Added _OSI(Linux-HPI-Hybrid-Graphics)
[    0.153416] ACPI: Executed 1 blocks of module-level executable AML code
[    0.156854] ACPI: Interpreter enabled
[    0.157303] ACPI: (supports S0 S5)
[    0.157717] ACPI: Using IOAPIC for interrupt routing
[    0.158466] PCI: Using host bridge windows from ACPI; if necessary, use "pci=nocrs" and report a bug
[    0.159618] ACPI: Enabled 2 GPEs in block 00 to 07
[    0.165919] ACPI: PCI Root Bridge [PCI0] (domain 0000 [bus 00-ff])
[    0.167048] acpi PNP0A03:00: _OSC: OS supports [ExtendedConfig ASPM ClockPM Segments MSI]
[    0.169122] acpi PNP0A03:00: _OSC: platform does not support [PCIeCapability]
[    0.170610] acpi PNP0A03:00: _OSC: not requesting control; platform does not support [PCIeCapability]
[    0.171706] acpi PNP0A03:00: _OSC: OS requested [PCIeHotplug PME AER PCIeCapability]
[    0.172002] acpi PNP0A03:00: _OSC: platform willing to grant [PCIeHotplug PME AER]
[    0.172912] acpi PNP0A03:00: _OSC failed (AE_SUPPORT); disabling ASPM
[    0.173986] PCI host bridge to bus 0000:00
[    0.174915] pci_bus 0000:00: root bus resource [io  0x0000-0x0cf7 window]
[    0.176002] pci_bus 0000:00: root bus resource [io  0x0d00-0xffff window]
[    0.176776] pci_bus 0000:00: root bus resource [mem 0x000a0000-0x000bffff window]
[    0.177674] pci_bus 0000:00: root bus resource [mem 0x40000000-0xfdffffff window]
[    0.178949] pci_bus 0000:00: root bus resource [bus 00-ff]
[    0.182184] pci 0000:00:01.1: legacy IDE quirk: reg 0x10: [io  0x01f0-0x01f7]
[    0.183370] pci 0000:00:01.1: legacy IDE quirk: reg 0x14: [io  0x03f6]
[    0.184010] pci 0000:00:01.1: legacy IDE quirk: reg 0x18: [io  0x0170-0x0177]
[    0.188002] pci 0000:00:01.1: legacy IDE quirk: reg 0x1c: [io  0x0376]
[    0.200628] pci 0000:00:07.0: quirk: [io  0x4000-0x403f] claimed by PIIX4 ACPI
[    0.201506] pci 0000:00:07.0: quirk: [io  0x4100-0x410f] claimed by PIIX4 SMB
[    0.209878] ACPI: PCI Interrupt Link [LNKA] (IRQs 5 9 10 *11)
[    0.211301] ACPI: PCI Interrupt Link [LNKB] (IRQs 5 9 *10 11)
[    0.212111] ACPI: PCI Interrupt Link [LNKC] (IRQs 5 *9 10 11)
[    0.213069] ACPI: PCI Interrupt Link [LNKD] (IRQs 5 9 10 *11)
[    0.213979] SCSI subsystem initialized
[    0.214510] pci 0000:00:02.0: vgaarb: setting as boot VGA device
[    0.214510] pci 0000:00:02.0: vgaarb: VGA device added: decodes=io+mem,owns=io+mem,locks=none
[    0.216012] pci 0000:00:02.0: vgaarb: bridge control possible
[    0.216826] vgaarb: loaded
[    0.217202] ACPI: bus type USB registered
[    0.217693] usbcore: registered new interface driver usbfs
[    0.218330] usbcore: registered new interface driver hub
[    0.220022] usbcore: registered new device driver usb
[    0.220653] EDAC MC: Ver: 3.0.0
[    0.220653] PCI: Using ACPI for IRQ routing
[    0.220723] NetLabel: Initializing
[    0.221152] NetLabel:  domain hash size = 128
[    0.221677] NetLabel:  protocols = UNLABELED CIPSOv4 CALIPSO
[    0.224015] NetLabel:  unlabeled traffic allowed by default
[    0.224675] clocksource: Switched to clocksource kvm-clock
[    0.234767] VFS: Disk quotas dquot_6.6.0
[    0.235314] VFS: Dquot-cache hash table entries: 512 (order 0, 4096 bytes)
[    0.236183] AppArmor: AppArmor Filesystem Enabled
[    0.236768] pnp: PnP ACPI init
[    0.237929] pnp: PnP ACPI: found 3 devices
[    0.246257] clocksource: acpi_pm: mask: 0xffffff max_cycles: 0xffffff, max_idle_ns: 2085701024 ns
[    0.247608] NET: Registered protocol family 2
[    0.248217] TCP established hash table entries: 8192 (order: 4, 65536 bytes)
[    0.248983] TCP bind hash table entries: 8192 (order: 5, 131072 bytes)
[    0.250097] TCP: Hash tables configured (established 8192 bind 8192)
[    0.251235] UDP hash table entries: 512 (order: 2, 16384 bytes)
[    0.252211] UDP-Lite hash table entries: 512 (order: 2, 16384 bytes)
[    0.255808] NET: Registered protocol family 1
[    0.256634] pci 0000:00:00.0: Limiting direct PCI/PCI transfers
[    0.257707] pci 0000:00:01.0: Activating ISA DMA hang workarounds
[    0.258811] pci 0000:00:02.0: Video device with shadowed ROM at [mem 0x000c0000-0x000dffff]
[    0.260457] Unpacking initramfs...
[    0.476583] Freeing initrd memory: 19752K
[    0.477213] clocksource: tsc: mask: 0xffffffffffffffff max_cycles: 0x33cb6addeae, max_idle_ns: 440795225061 ns
[    0.478402] platform rtc_cmos: registered platform RTC device (no PNP device found)
[    0.479320] Scanning for low memory corruption every 60 seconds
[    0.482864] Initialise system trusted keyrings
[    0.483421] Key type blacklist registered
[    0.484024] workingset: timestamp_bits=36 max_order=18 bucket_order=0
[    0.485959] zbud: loaded
[    0.486992] squashfs: version 4.0 (2009/01/31) Phillip Lougher
[    0.488138] fuse init (API version 7.26)
[    0.495573] Key type asymmetric registered
[    0.496277] Asymmetric key parser 'x509' registered
[    0.497145] Block layer SCSI generic (bsg) driver version 0.4 loaded (major 246)
[    0.498448] io scheduler noop registered
[    0.499120] io scheduler deadline registered
[    0.499798] io scheduler cfq registered (default)
[    0.500575] ACPI: AC Adapter [AC] (on-line)
[    0.501098] input: Power Button as /devices/LNXSYSTM:00/LNXPWRBN:00/input/input0
[    0.501976] ACPI: Power Button [PWRF]
[    0.502462] input: Sleep Button as /devices/LNXSYSTM:00/LNXSLPBN:00/input/input1
[    0.503310] ACPI: Sleep Button [SLPF]
[    0.506169] Serial: 8250/16550 driver, 32 ports, IRQ sharing enabled
[    0.527433] 00:02: ttyS0 at I/O 0x3f8 (irq = 4, base_baud = 115200) is a 16550A
[    0.532781] Linux agpgart interface v0.103
[    0.534370] loop: module loaded
[    0.535144] scsi host0: ata_piix
[    0.535740] scsi host1: ata_piix
[    0.536141] ata1: PATA max UDMA/33 cmd 0x1f0 ctl 0x3f6 bmdma 0xd000 irq 14
[    0.536890] ata2: PATA max UDMA/33 cmd 0x170 ctl 0x376 bmdma 0xd008 irq 15
[    0.537823] libphy: Fixed MDIO Bus: probed
[    0.538292] tun: Universal TUN/TAP device driver, 1.6
[    0.538892] PPP generic driver version 2.4.2
[    0.539431] ehci_hcd: USB 2.0 'Enhanced' Host Controller (EHCI) Driver
[    0.540124] ehci-pci: EHCI PCI platform driver
[    0.540646] ehci-platform: EHCI generic platform driver
[    0.541224] ohci_hcd: USB 1.1 'Open' Host Controller (OHCI) Driver
[    0.541902] ohci-pci: OHCI PCI platform driver
[    0.542409] ohci-platform: OHCI generic platform driver
[    0.542982] uhci_hcd: USB Universal Host Controller Interface driver
[    0.543693] i8042: PNP: PS/2 Controller [PNP0303:PS2K,PNP0f03:PS2M] at 0x60,0x64 irq 1,12
[    0.548574] serio: i8042 KBD port at 0x60,0x64 irq 1
[    0.549249] serio: i8042 AUX port at 0x60,0x64 irq 12
[    0.549962] mousedev: PS/2 mouse device common for all mice
[    0.553877] input: AT Translated Set 2 keyboard as /devices/platform/i8042/serio0/input/input2
[    0.554920] rtc_cmos rtc_cmos: rtc core: registered rtc_cmos as rtc0
[    0.555810] rtc_cmos rtc_cmos: alarms up to one day, 114 bytes nvram
[    0.557562] i2c /dev entries driver
[    0.558034] device-mapper: uevent: version 1.0.3
[    0.558653] device-mapper: ioctl: 4.37.0-ioctl (2017-09-20) initialised: dm-devel@redhat.com
[    0.559672] ledtrig-cpu: registered to indicate activity on CPUs
[    0.560734] NET: Registered protocol family 10
[    0.563879] Segment Routing with IPv6
[    0.564379] NET: Registered protocol family 17
[    0.564961] Key type dns_resolver registered
[    0.565653] mce: Using 0 MCE banks
[    0.566082] RAS: Correctable Errors collector initialized.
[    0.566702] sched_clock: Marking stable (565631967, 0)->(678857693, -113225726)
[    0.567941] registered taskstats version 1
[    0.568425] Loading compiled-in X.509 certificates
[    0.570553] Loaded X.509 cert 'Build time autogenerated kernel key: a4ed3776674b1fc76878248053bb1a15dcee1c82'
[    0.571707] zswap: loaded using pool lzo/zbud
[    0.576852] Key type big_key registered
[    0.577353] Key type trusted registered
[    0.578826] Key type encrypted registered
[    0.579362] AppArmor: AppArmor sha1 policy hashing enabled
[    0.579997] ima: No TPM chip found, activating TPM-bypass! (rc=-19)
[    0.580860] ima: Allocated hash algorithm: sha1
[    0.581710] evm: HMAC attrs: 0x1
[    0.582615]   Magic number: 0:525:460
[    0.583412] rtc_cmos rtc_cmos: setting system clock to 2020-12-18 02:27:50 UTC (1608258470)
[    0.585059] BIOS EDD facility v0.16 2004-Jun-25, 0 devices found
[    0.585919] EDD information not available.
[    0.769731] Freeing unused kernel image memory: 2440K
[    1.251241] Write protecting the kernel read-only data: 20480k
[    1.254887] Freeing unused kernel image memory: 2008K
[    1.257402] Freeing unused kernel image memory: 1880K
[    1.268362] x86/mm: Checked W+X mappings: passed, no W+X pages found.
Loading, please wait...
starting version 237
[    1.311748] Fusion MPT base driver 3.04.20
[    1.312383] Copyright (c) 1999-2008 LSI Corporation
[    1.313857] e1000: Intel(R) PRO/1000 Network Driver - version 7.3.21-k8-NAPI
[    1.314643] e1000: Copyright (c) 1999-2006 Intel Corporation.
[    1.318567] Fusion MPT SPI Host driver 3.04.20
[    1.330875] AVX2 version of gcm_enc/dec engaged.
[    1.331553] AES CTR mode by8 optimization enabled
[    1.525392] input: ImExPS/2 Generic Explorer Mouse as /devices/platform/i8042/serio1/input/input4
[    1.685548] e1000 0000:00:03.0 eth0: (PCI:33MHz:32-bit) 02:bd:38:fa:b3:5d
[    1.686326] e1000 0000:00:03.0 eth0: Intel(R) PRO/1000 Network Connection
[    1.690271] mptbase: ioc0: Initiating bringup
[    1.785512] ioc0: LSI53C1030 A0: Capabilities={Initiator}
[    2.032075] scsi host2: ioc0: LSI53C1030 A0, FwRev=00000000h, Ports=1, MaxQ=256, IRQ=20
[    2.488601] scsi 2:0:0:0: Direct-Access     VBOX     HARDDISK         1.0  PQ: 0 ANSI: 5
[    2.533060] scsi target2:0:0: Beginning Domain Validation
[    2.536799] scsi target2:0:0: Domain Validation skipping write tests
[    2.538369] scsi target2:0:0: Ending Domain Validation
[    2.539189] scsi target2:0:0: asynchronous
[    2.540249] scsi 2:0:1:0: Direct-Access     VBOX     HARDDISK         1.0  PQ: 0 ANSI: 5
[    2.824856] scsi target2:0:1: Beginning Domain Validation
[    2.826350] scsi target2:0:1: Domain Validation skipping write tests
[    2.827385] scsi target2:0:1: Ending Domain Validation
[    2.828267] scsi target2:0:1: asynchronous
[    2.828989] random: fast init done
[    2.832427] sd 2:0:0:0: [sda] 20971520 512-byte logical blocks: (10.7 GB/10.0 GiB)
[    2.834924] random: systemd-udevd: uninitialized urandom read (16 bytes read)
[    2.835372] sd 2:0:0:0: [sda] Write Protect is off
[    2.836141] random: systemd-udevd: uninitialized urandom read (16 bytes read)
[    2.837835] random: systemd-udevd: uninitialized urandom read (16 bytes read)
[    2.837963] sd 2:0:0:0: Attached scsi generic sg0 type 0
[    2.838820] sd 2:0:0:0: [sda] Incomplete mode parameter data
[    2.839624] sd 2:0:1:0: Attached scsi generic sg1 type 0
[    2.840165] sd 2:0:0:0: [sda] Assuming drive cache: write through
[    2.841423] sd 2:0:1:0: [sdb] 20480 512-byte logical blocks: (10.5 MB/10.0 MiB)
[    2.842922] sd 2:0:1:0: [sdb] Write Protect is off
[    2.843607] sd 2:0:1:0: [sdb] Incomplete mode parameter data
[    2.844287] sd 2:0:1:0: [sdb] Assuming drive cache: write through
[    2.845555]  sda: sda1
[    2.846255] sd 2:0:0:0: [sda] Attached SCSI disk
[    2.847119] sd 2:0:1:0: [sdb] Attached SCSI disk
[    2.871089] e1000 0000:00:08.0 eth1: (PCI:33MHz:32-bit) 08:00:27:ce:2d:18
[    2.871866] e1000 0000:00:08.0 eth1: Intel(R) PRO/1000 Network Connection
[    2.873686] e1000 0000:00:03.0 enp0s3: renamed from eth0
[    2.885209] e1000 0000:00:08.0 enp0s8: renamed from eth1
Begin: Loading essential drivers ... [    4.329893] raid6: sse2x1   gen()  7541 MB/s
[    4.376016] raid6: sse2x1   xor()  6219 MB/s
[    4.424017] raid6: sse2x2   gen() 13361 MB/s
[    4.472007] raid6: sse2x2   xor()  8173 MB/s
[    4.520020] raid6: sse2x4   gen() 13685 MB/s
[    4.569590] raid6: sse2x4   xor()  6919 MB/s
[    4.617882] raid6: avx2x1   gen() 11733 MB/s
[    4.665890] raid6: avx2x1   xor() 11702 MB/s
[    4.712017] raid6: avx2x2   gen() 19146 MB/s
[    4.760021] raid6: avx2x2   xor()  9062 MB/s
[    4.808911] raid6: avx2x4   gen() 18487 MB/s
[    4.856025] raid6: avx2x4   xor() 11038 MB/s
[    4.856908] raid6: using algorithm avx2x2 gen() 19146 MB/s
[    4.857925] raid6: .... xor() 9062 MB/s, rmw enabled
[    4.858923] raid6: using avx2x2 recovery algorithm
[    4.861030] xor: automatically using best checksumming function   avx       
[    4.863218] async_tx: api initialized (async)
done.
Begin: Running /scripts/init-premount ... done.
Begin: Mounting root file system ... Begin: Running /scripts/local-top ... done.
Begin: Running /scripts/local-premount ... [    4.904552] Btrfs loaded, crc32c=crc32c-intel
Scanning for Btrfs filesystems
done.
Warning: fsck not present, so skipping root file system
[    4.933378] EXT4-fs (sda1): mounted filesystem with ordered data mode. Opts: (null)
done.
Begin: Running /scripts/local-bottom ... done.
Begin: Running /scripts/init-bottom ... done.
[    5.100723] ip_tables: (C) 2000-2006 Netfilter Core Team
[    5.109830] systemd[1]: systemd 237 running in system mode. (+PAM +AUDIT +SELINUX +IMA +APPARMOR +SMACK +SYSVINIT +UTMP +LIBCRYPTSETUP +GCRYPT +GNUTLS +ACL +XZ +LZ4 +SECCOMP +BLKID +ELFUTILS +KMOD -IDN2 +IDN -PCRE2 default-hierarchy=hybrid)
[    5.112872] systemd[1]: Detected virtualization oracle.
[    5.113659] systemd[1]: Detected architecture x86-64.

Welcome to [1mUbuntu 18.04.5 LTS[0m!

[    5.122630] systemd[1]: Set hostname to <ubuntu-bionic>.
[    5.370552] systemd[1]: Created slice User and Session Slice.
[[0;32m  OK  [0m] Created slice User and Session Slice.
[    5.372065] systemd[1]: Reached target Swap.
[[0;32m  OK  [0m] Reached target Swap.
[    5.373149] systemd[1]: Started Forward Password Requests to Wall Directory Watch.
[[0;32m  OK  [0m] Started Forward Password Requests to Wall Directory Watch.
[    5.375421] systemd[1]: Set up automount Arbitrary Executable File Formats File System Automount Point.
[[0;32m  OK  [0m] Set up automount Arbitrary Executab…rmats File System Automount Point.
[    5.377557] systemd[1]: Reached target System Time Synchronized.
[[0;32m  OK  [0m] Reached target System Time Synchronized.
[    5.379459] systemd[1]: Created slice System Slice.
[[0;32m  OK  [0m] Created slice System Slice.
[[0;32m  OK  [0m] Listening on LVM2 poll daemon socket.
[[0;32m  OK  [0m] Created slice system-serial\x2dgetty.slice.
[[0;32m  OK  [0m] Listening on Journal Socket.
         Mounting POSIX Message Queue File System...
         Starting Remount Root and Kernel File Systems...
[[0;32m  OK  [0m] Listening on Journal Audit Socket.
[[0;32m  OK  [0m] Listening on Device-mapper event daemon FIFOs.
[[0;32m  OK  [0m] Listening on udev Control Socket.
[    5.396925] EXT4-fs (sda1): re-mounted. Opts: (null)
[[0;32m  OK  [0m] Reached target Slices.
         Starting Uncomplicated firewall...
[[0;32m  OK  [0m] Listening on /dev/initctl Compatibility Named Pipe.
[[0;32m  OK  [0m] Listening on Journal Socket (/dev/log).
         Starting Set the console keyboard layout...
         Mounting Kernel Debug File System...
[[0;32m  OK  [0m] Listening on LVM2 metadata daemon socket.
         Starting Monitoring of LVM2 mirrors…ng dmeventd or progress polling...
[[0;32m  OK  [0m] Reached target User and Group Name Lookups.
[[0;32m  OK  [0m] Listening on Network Service Netlink Socket.
[[0;32m  OK  [0m] Listening on Syslog Socket.
         Starting Journal Service...
         Starting Create list of required st…ce nodes for the current kernel...
         Mounting Huge Pages File System...
         Starting Load Kernel Modules...
[[0;32m  OK  [0m] Listening on udev Kernel Socket.
         Starting udev Coldplug all Devices...
[[0;32m  OK  [0m] Mounted POSIX Message Queue File System.
[[0;32m  OK  [0m] Started Remount Root and Kernel File Systems.
[[0;32m  OK  [0m] Started Uncomplicated firewall.
[[0;32m  OK  [0m] Mounted Kernel Debug File System.
[[0;32m  OK  [0m] Started Create list of required sta…vice nodes for the current kernel.
[[0;32m  OK  [0m] Mounted Huge Pages File System.
[[0;32m  OK  [0m] Started LVM2 metadata daemon.
         Starting Create Static Device Nodes in /dev...
[    5.539886] Loading iSCSI transport class v2.0-870.
[    5.547282] iscsi: registered transport (tcp)
         Starting Load/Save Random Seed...
[[0;32m  OK  [0m] Started Journal Service.
         Starting Flush Journal to Persistent Storage...
[[0;32m  OK  [0m] Started Create Static Device Nodes in /dev.
[    5.599620] iscsi: registered transport (iser)
         Starting udev Kernel Device Manager...
[[0;32m  OK  [0m] Started Load Kernel Modules.
         Starting Apply Kernel Variables...
         Mounting FUSE Control File System...
         Mounting Kernel Configuration File System...
[[0;32m  OK  [0m] Started udev Coldplug all Devices.
[[0;32m  OK  [0m] Mounted Kernel Configuration File System.
[[0;32m  OK  [0m] Mounted FUSE Control File System.
[[0;32m  OK  [0m] Started Monitoring of LVM2 mirrors,…sing dmeventd or progress polling.
[[0;32m  OK  [0m] Started Load/Save Random Seed.
[    5.629193] systemd-journald[427]: Received request to flush runtime journal from PID 1
[[0;32m  OK  [0m] Started udev Kernel Device Manager.
[[0;32m  OK  [0m] Started Apply Kernel Variables.
[[0;32m  OK  [0m] Started Set the console keyboard layout.
[[0;32m  OK  [0m] Started Dispatch Password Requests to Console Directory Watch.
[[0;32m  OK  [0m] Reached target Local Encrypted Volumes.
[[0;32m  OK  [0m] Reached target Local File Systems (Pre).
         Mounting /home/vagrant...
[[0;32m  OK  [0m] Reached target Local File Systems.
         Starting ebtables ruleset management...
         Starting Set console font and keymap...
         Starting AppArmor initialization...
         Starting Tell Plymouth To Write Out Runtime Data...
[[0;32m  OK  [0m] Started Set console font and keymap.
[[0;32m  OK  [0m] Started Tell Plymouth To Write Out Runtime Data.
[[0;1;31mFAILED[0m] Failed to mount /home/vagrant.
See 'systemctl status home-vagrant.mount' for details.
[[0;1;33mDEPEND[0m] Dependency failed for /home/vagrant/teste1.
[[0;32m  OK  [0m] Started Flush Journal to Persistent Storage.
         Starting Create Volatile Files and Directories...
[[0;32m  OK  [0m] Started ebtables ruleset management.
[[0;32m  OK  [0m] Started Create Volatile Files and Directories.
         Starting Update UTMP about System Boot/Shutdown...
[[0;32m  OK  [0m] Started Update UTMP about System Boot/Shutdown.
[[0;32m  OK  [0m] Found device /dev/ttyS0.
[[0;32m  OK  [0m] Listening on Load/Save RF Kill Switch Status /dev/rfkill Watch.
[[0;32m  OK  [0m] Started AppArmor initialization.
         Starting Initial cloud-init job (pre-networking)...
         Starting Load AppArmor profiles managed internally by snapd...
[[0;32m  OK  [0m] Started Load AppArmor profiles managed internally by snapd.
[    6.974445] cloud-init[574]: Cloud-init v. 20.3-2-g371b392c-0ubuntu1~18.04.1 running 'init-local' at Fri, 18 Dec 2020 02:27:56 +0000. Up 6.82 seconds.
[[0;32m  OK  [0m] Started Initial cloud-init job (pre-networking).
[[0;32m  OK  [0m] Reached target Network (Pre).
         Starting Network Service...
[[0;32m  OK  [0m] Started Network Service.
         Starting Wait for Network to be Configured...
         Starting Network Name Resolution...
[[0;32m  OK  [0m] Started Network Name Resolution.
[[0;32m  OK  [0m] Reached target Network.
[[0;32m  OK  [0m] Reached target Host and Network Name Lookups.
[[0;32m  OK  [0m] Started Wait for Network to be Configured.
         Starting Initial cloud-init job (metadata service crawler)...
[   11.525493] cloud-init[690]: Cloud-init v. 20.3-2-g371b392c-0ubuntu1~18.04.1 running 'init' at Fri, 18 Dec 2020 02:28:01 +0000. Up 11.41 seconds.
[   11.528276] cloud-init[690]: ci-info: +++++++++++++++++++++++++++++++++++++++++++++Net device info++++++++++++++++++++++++++++++++++++++++++++++
[   11.530562] cloud-init[690]: ci-info: +--------+------+-------------------------------------------+---------------+--------+-------------------+
[   11.532205] cloud-init[690]: ci-info: | Device |  Up  |                  Address                  |      Mask     | Scope  |     Hw-Address    |
[   11.533412] cloud-init[690]: ci-info: +--------+------+-------------------------------------------+---------------+--------+-------------------+
[   11.534571] cloud-init[690]: ci-info: | enp0s3 | True |                 10.0.2.15                 | 255.255.255.0 | global | 02:bd:38:fa:b3:5d |
[   11.535736] cloud-init[690]: ci-info: | enp0s3 | True |         fe80::bd:38ff:fefa:b35d/64        |       .       |  link  | 02:bd:38:fa:b3:5d |
[   11.536883] cloud-init[690]: ci-info: | enp0s8 | True |              192.168.100.158              | 255.255.255.0 | global | 08:00:27:ce:2d:18 |
[   11.538068] cloud-init[690]: ci-info: | enp0s8 | True | 2804:3f48:f144:3500:a00:27ff:fece:2d18/64 |       .       | global | 08:00:27:ce:2d:18 |
[   11.540149] cloud-init[690]: ci-info: | enp0s8 | True |        fe80::a00:27ff:fece:2d18/64        |       .       |  link  | 08:00:27:ce:2d:18 |
[   11.541368] cloud-init[690]: ci-info: |   lo   | True |                 127.0.0.1                 |   255.0.0.0   |  host  |         .         |
[   11.542592] cloud-init[690]: ci-info: |   lo   | True |                  ::1/128                  |       .       |  host  |         .         |
[   11.543750] cloud-init[690]: ci-info: +--------+------+-------------------------------------------+---------------+--------+-------------------+
[   11.544978] cloud-init[690]: ci-info: ++++++++++++++++++++++++++++++++Route IPv4 info++++++++++++++++++++++++++++++++
[   11.545916] cloud-init[690]: ci-info: +-------+---------------+---------------+-----------------+-----------+-------+
[   11.547071] cloud-init[690]: ci-info: | Route |  Destination  |    Gateway    |     Genmask     | Interface | Flags |
[   11.548019] cloud-init[690]: ci-info: +-------+---------------+---------------+-----------------+-----------+-------+
[   11.549419] cloud-init[690]: ci-info: |   0   |    0.0.0.0    |    10.0.2.2   |     0.0.0.0     |   enp0s3  |   UG  |
[   11.550445] cloud-init[690]: ci-info: |   1   |    0.0.0.0    | 192.168.100.1 |     0.0.0.0     |   enp0s8  |   UG  |
[   11.553310] cloud-init[690]: ci-info: |   2   |    10.0.2.0   |    0.0.0.0    |  255.255.255.0  |   enp0s3  |   U   |
[   11.554341] cloud-init[690]: ci-info: |   3   |    10.0.2.2   |    0.0.0.0    | 255.255.255.255 |   enp0s3  |   UH  |
[   11.555325] cloud-init[690]: ci-info: |   4   | 192.168.100.0 |    0.0.0.0    |  255.255.255.0  |   enp0s8  |   U   |
[   11.556426] cloud-init[690]: ci-info: |   5   | 192.168.100.1 |    0.0.0.0    | 255.255.255.255 |   enp0s8  |   UH  |
[   11.558499] cloud-init[690]: ci-info: +-------+---------------+---------------+-----------------+-----------+-------+
[   11.559500] cloud-init[690]: ci-info: +++++++++++++++++++++++++Route IPv6 info++++++++++++++++++++++++++
[   11.560478] cloud-init[690]: ci-info: +-------+--------------------------+---------+-----------+-------+
[   11.561389] cloud-init[690]: ci-info: | Route |       Destination        | Gateway | Interface | Flags |
[   11.562264] cloud-init[690]: ci-info: +-------+--------------------------+---------+-----------+-------+
[   11.563168] cloud-init[690]: ci-info: |   1   | 2804:3f48:f144:3500::/64 |    ::   |   enp0s8  |   U   |
[   11.564099] cloud-init[690]: ci-info: |   2   |        fe80::/64         |    ::   |   enp0s8  |   U   |
[   11.565021] cloud-init[690]: ci-info: |   3   |        fe80::/64         |    ::   |   enp0s3  |   U   |
[   11.566508] cloud-init[690]: ci-info: |   4   |           ::/0           | fe80::1 |   enp0s8  |   UG  |
[   11.567842] cloud-init[690]: ci-info: |   6   |          local           |    ::   |   enp0s8  |   U   |
[   11.568782] cloud-init[690]: ci-info: |   7   |          local           |    ::   |   enp0s3  |   U   |
[   11.569744] cloud-init[690]: ci-info: |   8   |          local           |    ::   |   enp0s8  |   U   |
[   11.570662] cloud-init[690]: ci-info: |   9   |         ff00::/8         |    ::   |   enp0s8  |   U   |
[   11.571552] cloud-init[690]: ci-info: |   10  |         ff00::/8         |    ::   |   enp0s3  |   U   |
[   11.572477] cloud-init[690]: ci-info: +-------+--------------------------+---------+-----------+-------+
[[0;32m  OK  [0m] Started Initial cloud-init job (metadata service crawler).
[[0;32m  OK  [0m] Reached target Network is Online.
         Starting Availability of block devices...
[[0;32m  OK  [0m] Reached target Remote File Systems (Pre).
[[0;32m  OK  [0m] Reached target Remote File Systems.
[[0;32m  OK  [0m] Reached target Cloud-config availability.
[[0;32m  OK  [0m] Reached target System Initialization.
         Starting Socket activation for snappy daemon.
         Starting LXD - unix socket.
[[0;32m  OK  [0m] Started Message of the Day.
[[0;32m  OK  [0m] Started Daily apt download activities.
[[0;32m  OK  [0m] Listening on Open-iSCSI iscsid Socket.
[[0;32m  OK  [0m] Started ACPI Events Check.
[[0;32m  OK  [0m] Reached target Paths.
[[0;32m  OK  [0m] Started Daily apt upgrade and clean activities.
[[0;32m  OK  [0m] Started Discard unused blocks once a week.
[[0;32m  OK  [0m] Listening on ACPID Listen Socket.
[[0;32m  OK  [0m] Listening on UUID daemon activation socket.
[[0;32m  OK  [0m] Listening on D-Bus System Message Bus Socket.
[[0;32m  OK  [0m] Started Daily Cleanup of Temporary Directories.
[[0;32m  OK  [0m] Reached target Timers.
[[0;32m  OK  [0m] Listening on Socket activation for snappy daemon.
[[0;32m  OK  [0m] Listening on LXD - unix socket.
[[0;32m  OK  [0m] Reached target Sockets.
[[0;32m  OK  [0m] Reached target Basic System.
[[0;32m  OK  [0m] Started FUSE filesystem for LXC.
         Starting Accounts Service...
         Starting LSB: Record successful boot for GRUB...
         Starting LXD - container startup/shutdown...
         Starting OpenBSD Secure Shell server...
         Starting System Logging Service...
         Starting The Apache HTTP Server...
         Starting Login Service...
[[0;32m  OK  [0m] Started Deferred execution scheduler.
         Starting Permit User Sessions...
         Starting Virtualbox guest utils...
         Starting LSB: automatic crash report generation...
[[0;32m  OK  [0m] Started Regular background program processing daemon.
         Starting Dispatcher daemon for systemd-networkd...
[[0;32m  OK  [0m] Started D-Bus System Message Bus.
[[0;32m  OK  [0m] Started irqbalance daemon.
         Starting Snap Daemon...
[[0;32m  OK  [0m] Started System Logging Service.
[[0;32m  OK  [0m] Started Availability of block devices.
[[0;32m  OK  [0m] Started LXD - container startup/shutdown.
[[0;32m  OK  [0m] Started Permit User Sessions.
[[0;32m  OK  [0m] Started Login Service.
[[0;32m  OK  [0m] Started Unattended Upgrades Shutdown.
         Starting Terminate Plymouth Boot Screen...
         Starting Hold until boot process finishes up...
[[0;32m  OK  [0m] Started OpenBSD Secure Shell server.
[[0;32m  OK  [0m] Started Hold until boot process finishes up.
         Starting Set console scheme...
[[0;32m  OK  [0m] Started Serial Getty on ttyS0.
[[0;32m  OK  [0m] Started Terminate Plymouth Boot Screen.
[[0;32m  OK  [0m] Started LSB: automatic crash report generation.
[[0;32m  OK  [0m] Started Set console scheme.
[[0;32m  OK  [0m] Created slice system-getty.slice.
[[0;32m  OK  [0m] Started Getty on tty1.
[[0;32m  OK  [0m] Reached target Login Prompts.
         Starting Authorization Manager...
[[0;32m  OK  [0m] Started Virtualbox guest utils.
[[0;32m  OK  [0m] Started Authorization Manager.
[[0;32m  OK  [0m] Started Accounts Service.
[[0;32m  OK  [0m] Started LSB: Record successful boot for GRUB.
[[0;32m  OK  [0m] Started Dispatcher daemon for systemd-networkd.
[[0;32m  OK  [0m] Started The Apache HTTP Server.
[[0;32m  OK  [0m] Started Snap Daemon.
         Starting Wait until snapd is fully seeded...
[[0;32m  OK  [0m] Started Wait until snapd is fully seeded.
         Starting Apply the settings specified in cloud-config...
[[0;32m  OK  [0m] Reached target Multi-User System.
[[0;32m  OK  [0m] Reached target Graphical Interface.
         Starting Update UTMP about System Runlevel Changes...
[[0;32m  OK  [0m] Started Update UTMP about System Runlevel Changes.
[   12.934222] cloud-init[1188]: Cloud-init v. 20.3-2-g371b392c-0ubuntu1~18.04.1 running 'modules:config' at Fri, 18 Dec 2020 02:28:02 +0000. Up 12.86 seconds.
[[0;32m  OK  [0m] Started Apply the settings specified in cloud-config.
         Starting Execute cloud user/final scripts...
[   13.331871] cloud-init[1246]: Cloud-init v. 20.3-2-g371b392c-0ubuntu1~18.04.1 running 'modules:final' at Fri, 18 Dec 2020 02:28:03 +0000. Up 13.25 seconds.
[   13.333332] cloud-init[1246]: Cloud-init v. 20.3-2-g371b392c-0ubuntu1~18.04.1 finished at Fri, 18 Dec 2020 02:28:03 +0000. Datasource DataSourceNoCloud [seed=/dev/sdb][dsmode=net].  Up 13.32 seconds
[[0;32m  OK  [0m] Started Execute cloud user/final scripts.
[[0;32m  OK  [0m] Reached target Cloud-init target.

Ubuntu 18.04.5 LTS ubuntu-bionic ttyS0

ubuntu-bionic login: [[0;32m  OK  [0m] Stopped Unattended Upgrades Shutdown.
[[0;32m  OK  [0m] Stopped target Cloud-init target.
         Stopping Session 3 of user vagrant.
         Stopping User Manager for UID 1000...
[[0;32m  OK  [0m] Stopped target Graphical Interface.
         Stopping Session 1 of user vagrant.
[[0;32m  OK  [0m] Closed Load/Save RF Kill Switch Status /dev/rfkill Watch.
         Stopping Availability of block devices...
         Stopping Accounts Service...
         Stopping Authorization Manager...
[[0;32m  OK  [0m] Stopped Execute cloud user/final scripts.
[[0;32m  OK  [0m] Stopped Apply the settings specified in cloud-config.
[[0;32m  OK  [0m] Stopped target Multi-User System.
         Stopping irqbalance daemon...
         Stopping FUSE filesystem for LXC...
[[0;32m  OK  [0m] Stopped Wait until snapd is fully seeded.
         Stopping Virtualbox guest utils...
         Stopping Deferred execution scheduler...
         Stopping LSB: Record successful boot for GRUB...
         Stopping LXD - container startup/shutdown...
         Stopping Dispatcher daemon for systemd-networkd...
         Stopping LSB: automatic crash report generation...
         Stopping D-Bus System Message Bus...
[[0;32m  OK  [0m] Stopped target Login Prompts.
         Stopping Serial Getty on ttyS0...
[[0;32m  OK  [0m] Stopped target Network is Online.
[[0;32m  OK  [0m] Stopped target Timers.
[[0;32m  OK  [0m] Stopped Daily apt upgrade and clean activities.
[[0;32m  OK  [0m] Stopped Daily apt download activities.
[[0;32m  OK  [0m] Stopped Discard unused blocks once a week.
[[0;32m  OK  [0m] Stopped Daily Cleanup of Temporary Directories.
[[0;32m  OK  [0m] Stopped Message of the Day.
         Stopping System Logging Service...
         Stopping Getty on tty1...
         Stopping OpenBSD Secure Shell server...
[[0;32m  OK  [0m] Stopped target System Time Synchronized.
         Stopping The Apache HTTP Server...
[[0;32m  OK  [0m] Stopped target Cloud-config availability.
         Stopping Regular background program processing daemon...
[[0;32m  OK  [0m] Unmounted /var/lib/lxcfs.
[[0;32m  OK  [0m] Stopped Accounts Service.
[[0;32m  OK  [0m] Stopped System Logging Service.
[[0;32m  OK  [0m] Stopped Deferred execution scheduler.
[[0;32m  OK  [0m] Stopped Regular background program processing daemon.
[[0;32m  OK  [0m] Stopped Dispatcher daemon for systemd-networkd.
[[0;32m  OK  [0m] Stopped irqbalance daemon.
[[0;32m  OK  [0m] Stopped OpenBSD Secure Shell server.
[[0;32m  OK  [0m] Stopped Serial Getty on ttyS0.
[[0;32m  OK  [0m] Stopped Getty on tty1.
[[0;32m  OK  [0m] Stopped Authorization Manager.
[[0;32m  OK  [0m] Stopped User Manager for UID 1000.
[[0;32m  OK  [0m] Stopped Availability of block devices.
[[0;32m  OK  [0m] Stopped D-Bus System Message Bus.
[[0;32m  OK  [0m] Stopped FUSE filesystem for LXC.
[[0;32m  OK  [0m] Stopped Session 1 of user vagrant.
[[0;32m  OK  [0m] Stopped Session 3 of user vagrant.
[[0;32m  OK  [0m] Stopped LXD - container startup/shutdown.
[[0;32m  OK  [0m] Stopped LSB: Record successful boot for GRUB.
[[0;32m  OK  [0m] Removed slice User Slice of vagrant.
         Stopping Login Service...
[[0;32m  OK  [0m] Removed slice system-getty.slice.
[[0;32m  OK  [0m] Removed slice system-serial\x2dgetty.slice.
         Stopping Permit User Sessions...
[[0;32m  OK  [0m] Stopped LSB: automatic crash report generation.
[[0;32m  OK  [0m] Stopped Permit User Sessions.
[[0;32m  OK  [0m] Stopped The Apache HTTP Server.
[[0;32m  OK  [0m] Stopped Virtualbox guest utils.
[[0;32m  OK  [0m] Stopped target Remote File Systems.
[[0;32m  OK  [0m] Stopped target Remote File Systems (Pre).
[[0;32m  OK  [0m] Stopped target Host and Network Name Lookups.
[[0;32m  OK  [0m] Stopped target Network.
         Stopping Network Name Resolution...
[[0;32m  OK  [0m] Stopped Network Name Resolution.
[[0;32m  OK  [0m] Stopped Login Service.
[[0;32m  OK  [0m] Stopped target Basic System.
[[0;32m  OK  [0m] Stopped target Slices.
[[0;32m  OK  [0m] Stopped target Sockets.
[[0;32m  OK  [0m] Closed Syslog Socket.
[[0;32m  OK  [0m] Closed Socket activation for snappy daemon.
[[0;32m  OK  [0m] Closed Open-iSCSI iscsid Socket.
[[0;32m  OK  [0m] Closed LXD - unix socket.
[[0;32m  OK  [0m] Closed UUID daemon activation socket.
[[0;32m  OK  [0m] Closed ACPID Listen Socket.
[[0;32m  OK  [0m] Closed D-Bus System Message Bus Socket.
[[0;32m  OK  [0m] Stopped target Paths.
[[0;32m  OK  [0m] Stopped ACPI Events Check.
[[0;32m  OK  [0m] Stopped target System Initialization.
[[0;32m  OK  [0m] Stopped target Local Encrypted Volumes.
[[0;32m  OK  [0m] Stopped Initial cloud-init job (metadata service crawler).
[[0;32m  OK  [0m] Stopped Wait for Network to be Configured.
         Stopping Network Service...
         Stopping Load/Save Random Seed...
         Stopping Update UTMP about System Boot/Shutdown...
[[0;32m  OK  [0m] Stopped Forward Password Requests to Wall Directory Watch.
[[0;32m  OK  [0m] Stopped Dispatch Password Requests to Console Directory Watch.
[[0;32m  OK  [0m] Stopped target User and Group Name Lookups.
[[0;32m  OK  [0m] Removed slice User and Session Slice.
[[0;32m  OK  [0m] Stopped Update UTMP about System Boot/Shutdown.
[[0;32m  OK  [0m] Stopped Create Volatile Files and Directories.
[[0;32m  OK  [0m] Stopped target Local File Systems.
         Unmounting /run/user/1000...
[[0;32m  OK  [0m] Stopped Load/Save Random Seed.
[[0;32m  OK  [0m] Unmounted /run/user/1000.
[[0;32m  OK  [0m] Stopped Network Service.
[[0;32m  OK  [0m] Stopped Apply Kernel Variables.
[[0;32m  OK  [0m] Stopped Load Kernel Modules.
[[0;32m  OK  [0m] Stopped target Network (Pre).
[[0;32m  OK  [0m] Stopped Initial cloud-init job (pre-networking).
[[0;32m  OK  [0m] Reached target Unmount All Filesystems.
[[0;32m  OK  [0m] Stopped target Swap.
[[0;32m  OK  [0m] Stopped target Local File Systems (Pre).
         Stopping Monitoring of LVM2 mirrors…ng dmeventd or progress polling...
[[0;32m  OK  [0m] Stopped Remount Root and Kernel File Systems.
[[0;32m  OK  [0m] Stopped Create Static Device Nodes in /dev.
[[0;32m  OK  [0m] Reached target Shutdown.
[[0;32m  OK  [0m] Reached target Final Step.
         Starting Power-Off...
[[0;32m  OK  [0m] Stopped Monitoring of LVM2 mirrors,…sing dmeventd or progress polling.
         Stopping LVM2 metadata daemon...
[[0;32m  OK  [0m] Stopped LVM2 metadata daemon.
[  156.412652] reboot: Power down
